Mplus VERSION 8
MUTHEN & MUTHEN
08/20/2022   4:13 PM

INPUT INSTRUCTIONS



  usevariables are id T1-T6 ani1-ani6
  cohort ageb dx  sex edu DDV3-DDV6;

  GROUPING = dx (0=normal 1=AD);

  IDVARIABLE = id;

  MISSING ARE ALL (-999) ;

  TSCORES= T1-T6;

  DEFINE: CENTER cohort ageb edu sex (GRANDMEAN);

  ANALYSIS:TYPE=RANDOM;
  ESTIMATOR = MLF;

  MODEL: i s q | ani1-ani6 AT T1-T6;

  i s q ON cohort ageb sex edu;

  [s] ;
  [q] ;
  [i] ;
  s*;
  i*;
  q*;

  !i on dx (Idx);
  !s on dx (Sdx);
  !q on dx (Qdx);


  F BY DDV3-DDV6@1;

  F@0;

  F ON I ;
  F ON S ;

  !F ON Q ;
  !no model conversion if Q is regressed on F;

  F ON ageb;


  model normal:
  i s ON cohort ageb sex edu;
  q ON cohort @0;
  q ON ageb @0;
  q ON sex @0;
  q ON edu @0;

  [s] (Sn);
  [q@0] ;
  [i] (In);
  s*;
  i*;
  q@0;

  model AD:
  i s q ON cohort ageb sex edu;

  [s] (Sd);
  [q] (Qd);
  [i] (Id);
  s*;
  i*;
  q*;

  MODEL CONSTRAINT:
    new(E0tm10 E0tm8 E0tm6 E0tm4 E0tm2 E0tm0
     E1tm10 E1tm8 E1tm6 E1tm4 E1tm2 E1tm0
     idiff sdiff);

    E0tm10 = In + (Sn * (-10));
    E0tm8  = In + (Sn * (-8));
    E0tm6  = In + (Sn * (-6));
    E0tm4  = In + (Sn * (-4));
    E0tm2  = In + (Sn * (-2));
    E0tm0  = In + (Sn * (-0));

    E1tm10 = Id + ((Sd +(Qd*(-10)))* (-10));
    E1tm8  = Id + ((Sd +(Qd*(-8)))* (-8));
    E1tm6  = Id + ((Sd +(Qd*(-6)))* (-6));
    E1tm4  = Id + ((Sd +(Qd*(-4)))* (-4));
    E1tm2  = Id + ((Sd +(Qd*(-2)))* (-2));
    E1tm0  = Id + ((Sd +(Qd*(-0)))* (-0));

  idiff = In - Id;
  sdiff = Sn - Sd;



  output: CINTERVAL;










*** WARNING in MODEL command
  All continuous latent variable covariances involving Q have been fixed to 0
  because the variance of Q is fixed at 0.
   1 WARNING(S) FOUND IN THE INPUT INSTRUCTIONS



2022-08-20 Kayri new analyses Spanish speakers;

SUMMARY OF ANALYSIS

Number of groups                                                 2
Number of observations
   Group NORMAL                                                533
   Group AD                                                    300
   Total sample size                                           833

Number of dependent variables                                   10
Number of independent variables                                  4
Number of continuous latent variables                            4

Observed dependent variables

  Continuous
   ANI1        ANI2        ANI3        ANI4        ANI5        ANI6
   DDV3        DDV4        DDV5        DDV6

Observed independent variables
   COHORT      AGEB        SEX         EDU

Continuous latent variables
   F           I           S           Q

Variables with special functions

  Grouping variable     DX
  ID variable           ID

  Time scores
   T1          T2          T3          T4          T5          T6

  Centering (GRANDMEAN)
   COHORT      AGEB        EDU         SEX


Estimator                                                      MLF
Information matrix                                        OBSERVED
Maximum number of iterations                                   100
Convergence criterion                                    0.100D-05
Maximum number of EM iterations                                500
Convergence criteria for the EM algorithm
  Loglikelihood change                                   0.100D-02
  Relative loglikelihood change                          0.100D-05
  Derivative                                             0.100D-03
Minimum variance                                         0.100D-03
Maximum number of steepest descent iterations                   20
Maximum number of iterations for H1                           2000
Convergence criterion for H1                             0.100D-03
Optimization algorithm                                         EMA

Input data file(s)
  C:\Users\Jet\Documents\Research_data\vAnalyses 2020-06 Kayri thesis\2021-09-05
Input data format  FREE


SUMMARY OF DATA

   Group NORMAL
     Number of missing data patterns             5

   Group AD
     Number of missing data patterns             5


COVARIANCE COVERAGE OF DATA

Minimum covariance coverage value   0.100


     PROPORTION OF DATA PRESENT FOR NORMAL


           Covariance Coverage
              ANI1          ANI2          ANI3          ANI4          ANI5
              ________      ________      ________      ________      ________
 ANI1           1.000
 ANI2           1.000         1.000
 ANI3           0.692         0.692         0.692
 ANI4           0.499         0.499         0.499         0.499
 ANI5           0.287         0.287         0.287         0.287         0.287
 ANI6           0.152         0.152         0.152         0.152         0.152
 DDV3           1.000         1.000         0.692         0.499         0.287
 DDV4           0.692         0.692         0.692         0.499         0.287
 DDV5           0.499         0.499         0.499         0.499         0.287
 DDV6           0.287         0.287         0.287         0.287         0.287
 COHORT         1.000         1.000         0.692         0.499         0.287
 AGEB           1.000         1.000         0.692         0.499         0.287
 SEX            1.000         1.000         0.692         0.499         0.287
 EDU            1.000         1.000         0.692         0.499         0.287


           Covariance Coverage
              ANI6          DDV3          DDV4          DDV5          DDV6
              ________      ________      ________      ________      ________
 ANI6           0.152
 DDV3           0.152         1.000
 DDV4           0.152         0.692         0.692
 DDV5           0.152         0.499         0.499         0.499
 DDV6           0.152         0.287         0.287         0.287         0.287
 COHORT         0.152         1.000         0.692         0.499         0.287
 AGEB           0.152         1.000         0.692         0.499         0.287
 SEX            0.152         1.000         0.692         0.499         0.287
 EDU            0.152         1.000         0.692         0.499         0.287


           Covariance Coverage
              COHORT        AGEB          SEX           EDU
              ________      ________      ________      ________
 COHORT         1.000
 AGEB           1.000         1.000
 SEX            1.000         1.000         1.000
 EDU            1.000         1.000         1.000         1.000


     PROPORTION OF DATA PRESENT FOR AD


           Covariance Coverage
              ANI1          ANI2          ANI3          ANI4          ANI5
              ________      ________      ________      ________      ________
 ANI1           1.000
 ANI2           1.000         1.000
 ANI3           0.840         0.840         0.840
 ANI4           0.650         0.650         0.650         0.650
 ANI5           0.373         0.373         0.373         0.373         0.373
 ANI6           0.227         0.227         0.227         0.227         0.227
 DDV3           1.000         1.000         0.840         0.650         0.373
 DDV4           0.840         0.840         0.840         0.650         0.373
 DDV5           0.650         0.650         0.650         0.650         0.373
 DDV6           0.373         0.373         0.373         0.373         0.373
 COHORT         1.000         1.000         0.840         0.650         0.373
 AGEB           1.000         1.000         0.840         0.650         0.373
 SEX            1.000         1.000         0.840         0.650         0.373
 EDU            1.000         1.000         0.840         0.650         0.373


           Covariance Coverage
              ANI6          DDV3          DDV4          DDV5          DDV6
              ________      ________      ________      ________      ________
 ANI6           0.227
 DDV3           0.227         1.000
 DDV4           0.227         0.840         0.840
 DDV5           0.227         0.650         0.650         0.650
 DDV6           0.227         0.373         0.373         0.373         0.373
 COHORT         0.227         1.000         0.840         0.650         0.373
 AGEB           0.227         1.000         0.840         0.650         0.373
 SEX            0.227         1.000         0.840         0.650         0.373
 EDU            0.227         1.000         0.840         0.650         0.373


           Covariance Coverage
              COHORT        AGEB          SEX           EDU
              ________      ________      ________      ________
 COHORT         1.000
 AGEB           1.000         1.000
 SEX            1.000         1.000         1.000
 EDU            1.000         1.000         1.000         1.000



UNIVARIATE SAMPLE STATISTICS


     UNIVARIATE HIGHER-ORDER MOMENT DESCRIPTIVE STATISTICS FOR NORMAL

         Variable/         Mean/     Skewness/   Minimum/ % with                Percentiles
        Sample Size      Variance    Kurtosis    Maximum  Min/Max      20%/60%    40%/80%    Median

     ANI1                 12.178       0.228       2.000    0.56%       9.000     11.000     12.000
             533.000      13.572       0.397      25.000    0.19%      13.000     15.000
     ANI2                 12.081       0.117       1.000    0.19%       9.000     11.000     12.000
             533.000      13.913      -0.080      22.000    0.56%      13.000     15.000
     ANI3                 11.973       0.350       0.000    0.27%       8.000     11.000     12.000
             369.000      15.999       1.374      32.000    0.27%      13.000     15.000
     ANI4                 11.617      -0.083       1.000    1.13%       9.000     11.000     12.000
             266.000      13.635       0.299      23.000    0.38%      13.000     14.000
     ANI5                 11.281       0.627       5.000    1.96%       8.000     10.000     11.000
             153.000      12.071       0.518      23.000    0.65%      12.000     14.000
     ANI6                 10.062       0.387       2.000    1.23%       7.000      9.000     10.000
              81.000      12.330       0.178      20.000    1.23%      11.000     13.000
     DDV3                  0.308       0.833       0.000   69.23%       0.000      0.000      0.000
             533.000       0.213      -1.306       1.000   30.77%       0.000      1.000
     DDV4                  0.279       0.985       0.000   72.09%       0.000      0.000      0.000
             369.000       0.201      -1.030       1.000   27.91%       0.000      1.000
     DDV5                  0.425       0.304       0.000   57.52%       0.000      0.000      0.000
             266.000       0.244      -1.907       1.000   42.48%       1.000      1.000
     DDV6                  0.471       0.118       0.000   52.94%       0.000      0.000      0.000
             153.000       0.249      -1.986       1.000   47.06%       1.000      1.000
     COHORT                0.000      -0.263      -1.694   43.34%      -1.694     -1.694      1.306
             533.000       2.201      -1.926       1.306   56.10%       1.306      1.306
     AGEB                  0.000       0.324     -12.290    0.19%      -3.997     -1.641     -0.578
             533.000      23.072      -0.157      14.817    0.19%       0.664      4.039
     SEX                   0.000      -0.805      -0.687   31.33%      -0.687      0.313      0.313
             533.000       0.215      -1.352       0.313   68.67%       0.313      0.313
     EDU                   0.000       0.462      -6.991    4.32%      -3.991     -0.991      0.009
             533.000      16.171      -0.186      13.009    0.19%       1.009      4.009


     UNIVARIATE HIGHER-ORDER MOMENT DESCRIPTIVE STATISTICS FOR AD

         Variable/         Mean/     Skewness/   Minimum/ % with                Percentiles
        Sample Size      Variance    Kurtosis    Maximum  Min/Max      20%/60%    40%/80%    Median

     ANI1                 10.873       0.293       2.000    0.67%       8.000     10.000     11.000
             300.000      14.444       0.462      26.000    0.33%      12.000     14.000
     ANI2                 10.070       0.311       2.000    1.33%       6.000      9.000     10.000
             300.000      14.832      -0.118      22.000    0.33%      11.000     13.000
     ANI3                  9.480       0.709       0.000    0.40%       6.000      8.000      9.000
             252.000      18.210       1.308      28.000    0.40%      10.000     12.000
     ANI4                  8.544       0.645       1.000    1.03%       5.000      7.000      8.000
             195.000      16.002       0.305      22.000    0.51%       9.000     12.000
     ANI5                  8.321       0.338       1.000    3.57%       5.000      7.000      8.000
             112.000      15.218      -0.211      19.000    1.79%       9.000     12.000
     ANI6                  7.029       0.326       1.000    4.41%       3.000      6.000      7.000
              68.000      12.617      -0.140      17.000    1.47%       8.000     10.000
     DDV3                  0.160       1.855       0.000   84.00%       0.000      0.000      0.000
             300.000       0.134       1.440       1.000   16.00%       0.000      0.000
     DDV4                  0.226       1.309       0.000   77.38%       0.000      0.000      0.000
             252.000       0.175      -0.287       1.000   22.62%       0.000      1.000
     DDV5                  0.426       0.301       0.000   57.44%       0.000      0.000      0.000
             195.000       0.244      -1.910       1.000   42.56%       1.000      1.000
     DDV6                  0.393       0.439       0.000   60.71%       0.000      0.000      0.000
             112.000       0.239      -1.807       1.000   39.29%       0.000      1.000
     COHORT                0.000      -0.024      -1.530   45.33%      -1.530     -1.530     -0.530
             300.000       2.136      -1.953       1.470   49.00%       1.470      1.470
     AGEB                  0.000       0.333     -12.940    0.33%      -5.691     -1.842     -0.135
             300.000      33.992      -0.267      16.249    0.33%       1.731      4.854
     SEX                   0.000      -1.134      -0.747   25.33%      -0.747      0.253      0.253
             300.000       0.189      -0.713       0.253   74.67%       0.253      0.253
     EDU                   0.000       0.673      -5.910    7.00%      -2.910     -1.910     -0.910
             300.000      15.109       0.133      14.090    0.33%       0.090      3.090


THE MODEL ESTIMATION TERMINATED NORMALLY



MODEL FIT INFORMATION

Number of Free Parameters                       62

Loglikelihood

          H0 Value                       -9573.632

Information Criteria

          Akaike (AIC)                   19271.264
          Bayesian (BIC)                 19564.216
          Sample-Size Adjusted BIC       19367.325
            (n* = (n + 2) / 24)



MODEL RESULTS

                                                    Two-Tailed
                    Estimate       S.E.  Est./S.E.    P-Value

Group NORMAL

 F        BY
    DDV3               1.000      0.000    999.000    999.000
    DDV4               1.000      0.000    999.000    999.000
    DDV5               1.000      0.000    999.000    999.000
    DDV6               1.000      0.000    999.000    999.000

 F          ON
    I                  0.005      0.008      0.702      0.483
    S                  1.984      0.892      2.224      0.026

 I          ON
    COHORT             0.333      0.100      3.336      0.001
    AGEB              -0.123      0.031     -4.019      0.000
    SEX               -0.460      0.260     -1.770      0.077
    EDU                0.147      0.032      4.654      0.000

 S          ON
    COHORT             0.039      0.016      2.430      0.015
    AGEB              -0.011      0.005     -2.085      0.037
    SEX                0.007      0.014      0.499      0.618
    EDU               -0.007      0.003     -2.164      0.031

 Q          ON
    COHORT             0.000      0.000    999.000    999.000
    AGEB               0.000      0.000    999.000    999.000
    SEX                0.000      0.000    999.000    999.000
    EDU                0.000      0.000    999.000    999.000

 F          ON
    AGEB               0.030      0.014      2.149      0.032

 Q        WITH
    F                  0.000      0.000    999.000    999.000

 Intercepts
    ANI1               0.000      0.000    999.000    999.000
    ANI2               0.000      0.000    999.000    999.000
    ANI3               0.000      0.000    999.000    999.000
    ANI4               0.000      0.000    999.000    999.000
    ANI5               0.000      0.000    999.000    999.000
    ANI6               0.000      0.000    999.000    999.000
    DDV3               0.547      0.186      2.935      0.003
    DDV4               0.576      0.181      3.176      0.001
    DDV5               0.767      0.183      4.182      0.000
    DDV6               0.826      0.190      4.352      0.000
    F                  0.000      0.000    999.000    999.000
    I                 11.237      0.148     76.026      0.000
    S                 -0.164      0.029     -5.614      0.000
    Q                  0.000      0.000    999.000    999.000

 Residual Variances
    ANI1               6.658      0.477     13.959      0.000
    ANI2               7.133      0.583     12.226      0.000
    ANI3               9.546      0.609     15.681      0.000
    ANI4               7.006      0.613     11.436      0.000
    ANI5               6.622      0.917      7.225      0.000
    ANI6              10.062      2.087      4.822      0.000
    DDV3               0.208      0.042      5.009      0.000
    DDV4               0.184      0.044      4.180      0.000
    DDV5               0.210      0.073      2.870      0.004
    DDV6               0.206      0.109      1.884      0.060
    F                  0.000      0.000    999.000    999.000
    I                  5.439      0.497     10.941      0.000
    S                  0.001      0.003      0.171      0.865
    Q                  0.000      0.000    999.000    999.000

Group AD

 F        BY
    DDV3               1.000      0.000    999.000    999.000
    DDV4               1.000      0.000    999.000    999.000
    DDV5               1.000      0.000    999.000    999.000
    DDV6               1.000      0.000    999.000    999.000

 F          ON
    I                 -0.007      0.010     -0.649      0.516
    S                 -2.225      1.560     -1.427      0.154

 I          ON
    COHORT             0.044      0.125      0.357      0.721
    AGEB              -0.077      0.032     -2.388      0.017
    SEX               -0.583      0.394     -1.478      0.139
    EDU               -0.052      0.043     -1.210      0.226

 S          ON
    COHORT            -0.035      0.023     -1.517      0.129
    AGEB              -0.002      0.006     -0.279      0.781
    SEX               -0.001      0.016     -0.062      0.950
    EDU                0.003      0.003      1.104      0.269

 Q          ON
    COHORT            -0.005      0.004     -1.275      0.202
    AGEB               0.001      0.001      1.046      0.295
    SEX               -0.009      0.008     -1.196      0.232
    EDU                0.001      0.001      1.338      0.181

 F          ON
    AGEB               0.001      0.014      0.089      0.929

 Q        WITH
    F                  0.000      0.001      0.016      0.987

 Intercepts
    ANI1               0.000      0.000    999.000    999.000
    ANI2               0.000      0.000    999.000    999.000
    ANI3               0.000      0.000    999.000    999.000
    ANI4               0.000      0.000    999.000    999.000
    ANI5               0.000      0.000    999.000    999.000
    ANI6               0.000      0.000    999.000    999.000
    DDV3               0.547      0.186      2.935      0.003
    DDV4               0.576      0.181      3.176      0.001
    DDV5               0.767      0.183      4.182      0.000
    DDV6               0.826      0.190      4.352      0.000
    F                 -1.465      0.840     -1.743      0.081
    I                  8.512      0.186     45.667      0.000
    S                 -0.523      0.035    -14.767      0.000
    Q                 -0.013      0.006     -2.042      0.041

 Residual Variances
    ANI1               9.679      1.020      9.492      0.000
    ANI2               8.144      0.864      9.429      0.000
    ANI3               9.546      0.770     12.401      0.000
    ANI4               8.467      1.150      7.365      0.000
    ANI5              10.864      1.747      6.219      0.000
    ANI6               8.258      2.245      3.679      0.000
    DDV3               0.137      0.024      5.676      0.000
    DDV4               0.162      0.035      4.588      0.000
    DDV5               0.210      0.083      2.510      0.012
    DDV6               0.184      0.110      1.677      0.093
    F                  0.000      0.000    999.000    999.000
    I                  4.678      0.653      7.163      0.000
    S                  0.000      0.003      0.034      0.973
    Q                  0.000      0.000      0.395      0.693

New/Additional Parameters
    E0TM10            12.875      0.253     50.852      0.000
    E0TM8             12.548      0.205     61.211      0.000
    E0TM6             12.220      0.164     74.712      0.000
    E0TM4             11.892      0.135     87.910      0.000
    E0TM2             11.564      0.129     89.585      0.000
    E0TM0             11.237      0.148     76.026      0.000
    E1TM10            12.452      0.515     24.162      0.000
    E1TM8             11.871      0.342     34.661      0.000
    E1TM6             11.186      0.236     47.467      0.000
    E1TM4             10.398      0.193     53.943      0.000
    E1TM2              9.507      0.185     51.285      0.000
    E1TM0              8.512      0.186     45.667      0.000
    IDIFF              2.725      0.238     11.453      0.000
    SDIFF              0.359      0.047      7.609      0.000


QUALITY OF NUMERICAL RESULTS

     Condition Number for the Information Matrix              0.533E-06
       (ratio of smallest to largest eigenvalue)


CONFIDENCE INTERVALS OF MODEL RESULTS

                  Lower .5%  Lower 2.5%    Lower 5%    Estimate    Upper 5%  Upper 2.5%   Upper .5%

Group NORMAL

 F        BY
    DDV3             1.000       1.000       1.000       1.000       1.000       1.000       1.000
    DDV4             1.000       1.000       1.000       1.000       1.000       1.000       1.000
    DDV5             1.000       1.000       1.000       1.000       1.000       1.000       1.000
    DDV6             1.000       1.000       1.000       1.000       1.000       1.000       1.000

 F        ON
    I               -0.014      -0.010      -0.007       0.005       0.018       0.020       0.025
    S               -0.314       0.236       0.517       1.984       3.451       3.732       4.281

 I        ON
    COHORT           0.076       0.137       0.169       0.333       0.497       0.528       0.590
    AGEB            -0.202      -0.183      -0.173      -0.123      -0.073      -0.063      -0.044
    SEX             -1.130      -0.970      -0.888      -0.460      -0.032       0.049       0.209
    EDU              0.066       0.085       0.095       0.147       0.199       0.209       0.228

 S        ON
    COHORT          -0.002       0.008       0.013       0.039       0.066       0.071       0.080
    AGEB            -0.024      -0.021      -0.019      -0.011      -0.002      -0.001       0.003
    SEX             -0.030      -0.021      -0.016       0.007       0.031       0.035       0.044
    EDU             -0.014      -0.013      -0.012      -0.007      -0.002      -0.001       0.001

 Q        ON
    COHORT           0.000       0.000       0.000       0.000       0.000       0.000       0.000
    AGEB             0.000       0.000       0.000       0.000       0.000       0.000       0.000
    SEX              0.000       0.000       0.000       0.000       0.000       0.000       0.000
    EDU              0.000       0.000       0.000       0.000       0.000       0.000       0.000

 F        ON
    AGEB            -0.006       0.003       0.007       0.030       0.053       0.057       0.065

 Q        WITH
    F                0.000       0.000       0.000       0.000       0.000       0.000       0.000

 Intercepts
    ANI1             0.000       0.000       0.000       0.000       0.000       0.000       0.000
    ANI2             0.000       0.000       0.000       0.000       0.000       0.000       0.000
    ANI3             0.000       0.000       0.000       0.000       0.000       0.000       0.000
    ANI4             0.000       0.000       0.000       0.000       0.000       0.000       0.000
    ANI5             0.000       0.000       0.000       0.000       0.000       0.000       0.000
    ANI6             0.000       0.000       0.000       0.000       0.000       0.000       0.000
    DDV3             0.067       0.182       0.240       0.547       0.854       0.912       1.027
    DDV4             0.109       0.220       0.277       0.576       0.874       0.931       1.042
    DDV5             0.294       0.407       0.465       0.767       1.068       1.126       1.239
    DDV6             0.337       0.454       0.514       0.826       1.138       1.198       1.314
    F                0.000       0.000       0.000       0.000       0.000       0.000       0.000
    I               10.856      10.947      10.994      11.237      11.480      11.526      11.617
    S               -0.239      -0.221      -0.212      -0.164      -0.116      -0.107      -0.089
    Q                0.000       0.000       0.000       0.000       0.000       0.000       0.000

 Residual Variances
    ANI1             5.429       5.723       5.873       6.658       7.442       7.593       7.886
    ANI2             5.630       5.990       6.173       7.133       8.093       8.277       8.636
    ANI3             7.978       8.353       8.545       9.546      10.548      10.740      11.114
    ANI4             5.428       5.805       5.998       7.006       8.013       8.206       8.584
    ANI5             4.261       4.826       5.114       6.622       8.130       8.418       8.983
    ANI6             4.687       5.972       6.629      10.062      13.494      14.151      15.436
    DDV3             0.101       0.127       0.140       0.208       0.277       0.290       0.315
    DDV4             0.071       0.098       0.112       0.184       0.256       0.270       0.297
    DDV5             0.022       0.067       0.090       0.210       0.330       0.354       0.399
    DDV6            -0.076      -0.008       0.026       0.206       0.385       0.420       0.487
    F                0.000       0.000       0.000       0.000       0.000       0.000       0.000
    I                4.159       4.465       4.622       5.439       6.257       6.414       6.720
    S               -0.008      -0.006      -0.005       0.001       0.006       0.007       0.009
    Q                0.000       0.000       0.000       0.000       0.000       0.000       0.000

Group AD

 F        BY
    DDV3             1.000       1.000       1.000       1.000       1.000       1.000       1.000
    DDV4             1.000       1.000       1.000       1.000       1.000       1.000       1.000
    DDV5             1.000       1.000       1.000       1.000       1.000       1.000       1.000
    DDV6             1.000       1.000       1.000       1.000       1.000       1.000       1.000

 F        ON
    I               -0.033      -0.027      -0.024      -0.007       0.010       0.014       0.020
    S               -6.243      -5.282      -4.791      -2.225       0.341       0.832       1.792

 I        ON
    COHORT          -0.277      -0.200      -0.161       0.044       0.249       0.289       0.365
    AGEB            -0.160      -0.141      -0.130      -0.077      -0.024      -0.014       0.006
    SEX             -1.599      -1.356      -1.232      -0.583       0.066       0.190       0.433
    EDU             -0.163      -0.136      -0.123      -0.052       0.019       0.032       0.059

 S        ON
    COHORT          -0.095      -0.080      -0.073      -0.035       0.003       0.010       0.025
    AGEB            -0.017      -0.013      -0.011      -0.002       0.008       0.010       0.013
    SEX             -0.043      -0.033      -0.028      -0.001       0.026       0.031       0.041
    EDU             -0.004      -0.002      -0.001       0.003       0.007       0.008       0.010

 Q        ON
    COHORT          -0.015      -0.013      -0.012      -0.005       0.001       0.003       0.005
    AGEB            -0.001      -0.001       0.000       0.001       0.002       0.002       0.003
    SEX             -0.029      -0.025      -0.022      -0.009       0.004       0.006       0.011
    EDU             -0.001      -0.001       0.000       0.001       0.003       0.003       0.003

 F        ON
    AGEB            -0.035      -0.026      -0.022       0.001       0.024       0.029       0.037

 Q        WITH
    F               -0.004      -0.003      -0.002       0.000       0.002       0.003       0.004

 Intercepts
    ANI1             0.000       0.000       0.000       0.000       0.000       0.000       0.000
    ANI2             0.000       0.000       0.000       0.000       0.000       0.000       0.000
    ANI3             0.000       0.000       0.000       0.000       0.000       0.000       0.000
    ANI4             0.000       0.000       0.000       0.000       0.000       0.000       0.000
    ANI5             0.000       0.000       0.000       0.000       0.000       0.000       0.000
    ANI6             0.000       0.000       0.000       0.000       0.000       0.000       0.000
    DDV3             0.067       0.182       0.240       0.547       0.854       0.912       1.027
    DDV4             0.109       0.220       0.277       0.576       0.874       0.931       1.042
    DDV5             0.294       0.407       0.465       0.767       1.068       1.126       1.239
    DDV6             0.337       0.454       0.514       0.826       1.138       1.198       1.314
    F               -3.629      -3.112      -2.847      -1.465      -0.082       0.183       0.700
    I                8.032       8.146       8.205       8.512       8.818       8.877       8.992
    S               -0.614      -0.593      -0.582      -0.523      -0.465      -0.454      -0.432
    Q               -0.029      -0.025      -0.023      -0.013      -0.003      -0.001       0.003

 Residual Variances
    ANI1             7.052       7.680       8.002       9.679      11.357      11.678      12.306
    ANI2             5.919       6.451       6.723       8.144       9.565       9.837      10.368
    ANI3             7.563       8.037       8.279       9.546      10.812      11.055      11.529
    ANI4             5.506       6.214       6.576       8.467      10.359      10.721      11.429
    ANI5             6.364       7.440       7.990      10.864      13.737      14.288      15.363
    ANI6             2.477       3.859       4.566       8.258      11.951      12.658      14.040
    DDV3             0.075       0.090       0.097       0.137       0.177       0.184       0.199
    DDV4             0.071       0.093       0.104       0.162       0.220       0.231       0.252
    DDV5            -0.005       0.046       0.072       0.210       0.347       0.373       0.425
    DDV6            -0.099      -0.031       0.004       0.184       0.365       0.400       0.467
    F                0.000       0.000       0.000       0.000       0.000       0.000       0.000
    I                2.996       3.398       3.604       4.678       5.752       5.958       6.360
    S               -0.008      -0.006      -0.005       0.000       0.005       0.006       0.008
    Q                0.000       0.000       0.000       0.000       0.000       0.000       0.000

New/Additional Parameters
    E0TM10          12.223      12.379      12.459      12.875      13.292      13.372      13.528
    E0TM8           12.020      12.146      12.211      12.548      12.885      12.950      13.076
    E0TM6           11.799      11.899      11.951      12.220      12.489      12.541      12.641
    E0TM4           11.544      11.627      11.670      11.892      12.115      12.157      12.241
    E0TM2           11.232      11.311      11.352      11.564      11.777      11.817      11.897
    E0TM0           10.856      10.947      10.994      11.237      11.480      11.526      11.617
    E1TM10          11.124      11.442      11.604      12.452      13.300      13.462      13.779
    E1TM8           10.988      11.199      11.307      11.871      12.434      12.542      12.753
    E1TM6           10.579      10.724      10.798      11.186      11.574      11.648      11.793
    E1TM4            9.901      10.020      10.081      10.398      10.715      10.776      10.894
    E1TM2            9.029       9.143       9.202       9.507       9.811       9.870       9.984
    E1TM0            8.032       8.146       8.205       8.512       8.818       8.877       8.992
    IDIFF            2.112       2.259       2.334       2.725       3.116       3.191       3.338
    SDIFF            0.238       0.267       0.282       0.359       0.437       0.452       0.481


DIAGRAM INFORMATION

  Use View Diagram under the Diagram menu in the Mplus Editor to view the diagram.
  If running Mplus from the Mplus Diagrammer, the diagram opens automatically.

  Diagram output
    c:\users\jet\documents\research_data\vanalyses 2020-06 kayri thesis\2021-09-05 kayri new analyses\2022-08-17 syntax

     Beginning Time:  16:13:35
        Ending Time:  16:14:17
       Elapsed Time:  00:00:42



MUTHEN & MUTHEN
3463 Stoner Ave.
Los Angeles, CA  90066

Tel: (310) 391-9971
Fax: (310) 391-8971
Web: www.StatModel.com
Support: Support@StatModel.com

Copyright (c) 1998-2017 Muthen & Muthen
