Mplus VERSION 8
MUTHEN & MUTHEN
08/20/2022   4:18 PM

INPUT INSTRUCTIONS


  usevariables are id T1-T6 let1-let6 ;
  !GROUPING = dx (0=normal 1=AD);
  useobservations are dx NE 0;

  IDVARIABLE = id;

  MISSING ARE ALL (-999) ;

  TSCORES= T1-T6;
  !CATEGORICAL = DDV2-DDV5;

  !DEFINE: CENTER cohort ageb edu sex (GRANDMEAN);

  ANALYSIS:TYPE=RANDOM;
  ESTIMATOR = MLF;

  MODEL: i s | let1-let6 AT T1-T6;


  output: CINTERVAL;










INPUT READING TERMINATED NORMALLY



2022-08-19 Kayri new analyses Spanish speakers;

SUMMARY OF ANALYSIS

Number of groups                                                 1
Number of observations                                         300

Number of dependent variables                                    6
Number of independent variables                                  0
Number of continuous latent variables                            2

Observed dependent variables

  Continuous
   LET1        LET2        LET3        LET4        LET5        LET6

Continuous latent variables
   I           S

Variables with special functions

  ID variable           ID

  Time scores
   T1          T2          T3          T4          T5          T6


Estimator                                                      MLF
Information matrix                                        OBSERVED
Maximum number of iterations                                   100
Convergence criterion                                    0.100D-05
Maximum number of EM iterations                                500
Convergence criteria for the EM algorithm
  Loglikelihood change                                   0.100D-02
  Relative loglikelihood change                          0.100D-05
  Derivative                                             0.100D-03
Minimum variance                                         0.100D-03
Maximum number of steepest descent iterations                   20
Maximum number of iterations for H1                           2000
Convergence criterion for H1                             0.100D-03
Optimization algorithm                                         EMA

Input data file(s)
  C:\Users\Jet\Documents\Research_data\vAnalyses 2020-06 Kayri thesis\2021-09-05
Input data format  FREE


SUMMARY OF DATA

     Number of missing data patterns             5


COVARIANCE COVERAGE OF DATA

Minimum covariance coverage value   0.100


     PROPORTION OF DATA PRESENT


           Covariance Coverage
              LET1          LET2          LET3          LET4          LET5
              ________      ________      ________      ________      ________
 LET1           1.000
 LET2           1.000         1.000
 LET3           0.840         0.840         0.840
 LET4           0.650         0.650         0.650         0.650
 LET5           0.373         0.373         0.373         0.373         0.373
 LET6           0.227         0.227         0.227         0.227         0.227


           Covariance Coverage
              LET6
              ________
 LET6           0.227



UNIVARIATE SAMPLE STATISTICS


     UNIVARIATE HIGHER-ORDER MOMENT DESCRIPTIVE STATISTICS

         Variable/         Mean/     Skewness/   Minimum/ % with                Percentiles
        Sample Size      Variance    Kurtosis    Maximum  Min/Max      20%/60%    40%/80%    Median

     LET1                  6.482       1.234       0.333    0.33%       3.667      5.667      6.333
             300.000      10.089       5.150      26.667    0.33%       7.000      8.667
     LET2                  6.329       0.731       0.333    1.00%       3.667      5.000      5.667
             300.000      10.951       0.482      18.667    0.33%       6.667      9.000
     LET3                  5.923       0.454       0.333    0.79%       3.333      4.667      5.333
             252.000       9.048      -0.323      14.667    0.40%       6.333      8.333
     LET4                  5.829       0.613       0.000    0.51%       3.333      4.667      5.333
             195.000       9.192       0.320      16.333    0.51%       6.333      8.333
     LET5                  5.729       0.624       1.000    3.57%       3.333      5.000      5.333
             112.000       7.305       0.488      14.000    1.79%       6.333      7.667
     LET6                  5.245       0.674       1.000    1.47%       3.333      4.333      4.667
              68.000       5.303       0.006      11.333    2.94%       5.333      7.333


THE MODEL ESTIMATION TERMINATED NORMALLY



MODEL FIT INFORMATION

Number of Free Parameters                       11

Loglikelihood

          H0 Value                       -2762.987

Information Criteria

          Akaike (AIC)                    5547.975
          Bayesian (BIC)                  5588.716
          Sample-Size Adjusted BIC        5553.831
            (n* = (n + 2) / 24)



MODEL RESULTS

                                                    Two-Tailed
                    Estimate       S.E.  Est./S.E.    P-Value

 S        WITH
    I                 -0.075      0.053     -1.400      0.162

 Means
    I                  5.359      0.155     34.549      0.000
    S                 -0.235      0.024     -9.963      0.000

 Intercepts
    LET1               0.000      0.000    999.000    999.000
    LET2               0.000      0.000    999.000    999.000
    LET3               0.000      0.000    999.000    999.000
    LET4               0.000      0.000    999.000    999.000
    LET5               0.000      0.000    999.000    999.000
    LET6               0.000      0.000    999.000    999.000

 Variances
    I                  4.427      0.448      9.888      0.000
    S                  0.031      0.008      3.682      0.000

 Residual Variances
    LET1               3.879      0.210     18.469      0.000
    LET2               3.043      0.305      9.977      0.000
    LET3               2.653      0.321      8.276      0.000
    LET4               2.637      0.360      7.330      0.000
    LET5               3.561      0.434      8.199      0.000
    LET6               1.863      0.614      3.032      0.002


QUALITY OF NUMERICAL RESULTS

     Condition Number for the Information Matrix              0.738E-04
       (ratio of smallest to largest eigenvalue)


CONFIDENCE INTERVALS OF MODEL RESULTS

                  Lower .5%  Lower 2.5%    Lower 5%    Estimate    Upper 5%  Upper 2.5%   Upper .5%

 S        WITH
    I               -0.212      -0.179      -0.162      -0.075       0.013       0.030       0.063

 Means
    I                4.960       5.055       5.104       5.359       5.614       5.663       5.759
    S               -0.295      -0.281      -0.273      -0.235      -0.196      -0.189      -0.174

 Intercepts
    LET1             0.000       0.000       0.000       0.000       0.000       0.000       0.000
    LET2             0.000       0.000       0.000       0.000       0.000       0.000       0.000
    LET3             0.000       0.000       0.000       0.000       0.000       0.000       0.000
    LET4             0.000       0.000       0.000       0.000       0.000       0.000       0.000
    LET5             0.000       0.000       0.000       0.000       0.000       0.000       0.000
    LET6             0.000       0.000       0.000       0.000       0.000       0.000       0.000

 Variances
    I                3.274       3.549       3.690       4.427       5.163       5.304       5.580
    S                0.009       0.015       0.017       0.031       0.045       0.048       0.053

 Residual Variances
    LET1             3.338       3.467       3.534       3.879       4.225       4.291       4.420
    LET2             2.257       2.445       2.541       3.043       3.545       3.641       3.829
    LET3             1.827       2.025       2.126       2.653       3.180       3.281       3.478
    LET4             1.710       1.932       2.045       2.637       3.228       3.342       3.563
    LET5             2.442       2.710       2.847       3.561       4.276       4.412       4.680
    LET6             0.280       0.659       0.852       1.863       2.873       3.067       3.445


DIAGRAM INFORMATION

  Use View Diagram under the Diagram menu in the Mplus Editor to view the diagram.
  If running Mplus from the Mplus Diagrammer, the diagram opens automatically.

  Diagram output
    c:\users\jet\documents\research_data\vanalyses 2020-06 kayri thesis\2021-09-05 kayri new analyses\2022-08-17 syntax

     Beginning Time:  16:18:34
        Ending Time:  16:18:34
       Elapsed Time:  00:00:00



MUTHEN & MUTHEN
3463 Stoner Ave.
Los Angeles, CA  90066

Tel: (310) 391-9971
Fax: (310) 391-8971
Web: www.StatModel.com
Support: Support@StatModel.com

Copyright (c) 1998-2017 Muthen & Muthen
