Mplus VERSION 8
MUTHEN & MUTHEN
08/20/2022   4:17 PM

INPUT INSTRUCTIONS



  usevariables are id T1-T6 ani1-ani6
  cohort ageb dx  sex edu DDV3-DDV6;

  useobservations are exmci EQ 0;

  GROUPING = dx (0=normal 1=AD);

  IDVARIABLE = id;

  MISSING ARE ALL (-999) ;

  TSCORES= T1-T6;

  DEFINE: CENTER cohort ageb edu sex (GRANDMEAN);

  ANALYSIS:TYPE=RANDOM;
  ESTIMATOR = MLF;

  MODEL: i s q | ani1-ani6 AT T1-T6;

  i s q ON cohort ageb sex edu;

  [s] ;
  [q] ;
  [i] ;
  s*;
  i*;
  q*;

  !i on dx (Idx);
  !s on dx (Sdx);
  !q on dx (Qdx);


  F BY DDV3-DDV6@1;

  F@0;

  F ON I ;
  F ON S ;

  !F ON Q ;
  !no model conversion if Q is regressed on F;

  F ON ageb;


  model normal:
  i s ON cohort ageb sex edu;
  q ON cohort @0;
  q ON ageb @0;
  q ON sex @0;
  q ON edu @0;

  [s] (Sn);
  [q@0] ;
  [i] (In);
  s*;
  i*;
  q@0;

  model AD:
  i s q ON cohort ageb sex edu;

  [s] (Sd);
  [q] (Qd);
  [i] (Id);
  s*;
  i*;
  q*;

  MODEL CONSTRAINT:
    new(E0tm10 E0tm8 E0tm6 E0tm4 E0tm2 E0tm0
     E1tm10 E1tm8 E1tm6 E1tm4 E1tm2 E1tm0
     idiff sdiff);

    E0tm10 = In + (Sn * (-10));
    E0tm8  = In + (Sn * (-8));
    E0tm6  = In + (Sn * (-6));
    E0tm4  = In + (Sn * (-4));
    E0tm2  = In + (Sn * (-2));
    E0tm0  = In + (Sn * (-0));

    E1tm10 = Id + ((Sd +(Qd*(-10)))* (-10));
    E1tm8  = Id + ((Sd +(Qd*(-8)))* (-8));
    E1tm6  = Id + ((Sd +(Qd*(-6)))* (-6));
    E1tm4  = Id + ((Sd +(Qd*(-4)))* (-4));
    E1tm2  = Id + ((Sd +(Qd*(-2)))* (-2));
    E1tm0  = Id + ((Sd +(Qd*(-0)))* (-0));

  idiff = In - Id;
  sdiff = Sn - Sd;



  output: CINTERVAL;










*** WARNING in MODEL command
  All continuous latent variable covariances involving Q have been fixed to 0
  because the variance of Q is fixed at 0.
   1 WARNING(S) FOUND IN THE INPUT INSTRUCTIONS



2022-08-20 Kayri new analyses Spanish speakers;

SUMMARY OF ANALYSIS

Number of groups                                                 2
Number of observations
   Group NORMAL                                                296
   Group AD                                                    300
   Total sample size                                           596

Number of dependent variables                                   10
Number of independent variables                                  4
Number of continuous latent variables                            4

Observed dependent variables

  Continuous
   ANI1        ANI2        ANI3        ANI4        ANI5        ANI6
   DDV3        DDV4        DDV5        DDV6

Observed independent variables
   COHORT      AGEB        SEX         EDU

Continuous latent variables
   F           I           S           Q

Variables with special functions

  Grouping variable     DX
  ID variable           ID

  Time scores
   T1          T2          T3          T4          T5          T6

  Centering (GRANDMEAN)
   COHORT      AGEB        EDU         SEX


Estimator                                                      MLF
Information matrix                                        OBSERVED
Maximum number of iterations                                   100
Convergence criterion                                    0.100D-05
Maximum number of EM iterations                                500
Convergence criteria for the EM algorithm
  Loglikelihood change                                   0.100D-02
  Relative loglikelihood change                          0.100D-05
  Derivative                                             0.100D-03
Minimum variance                                         0.100D-03
Maximum number of steepest descent iterations                   20
Maximum number of iterations for H1                           2000
Convergence criterion for H1                             0.100D-03
Optimization algorithm                                         EMA

Input data file(s)
  C:\Users\Jet\Documents\Research_data\vAnalyses 2020-06 Kayri thesis\2021-09-05
Input data format  FREE


SUMMARY OF DATA

   Group NORMAL
     Number of missing data patterns             5

   Group AD
     Number of missing data patterns             5


COVARIANCE COVERAGE OF DATA

Minimum covariance coverage value   0.100


     PROPORTION OF DATA PRESENT FOR NORMAL


           Covariance Coverage
              ANI1          ANI2          ANI3          ANI4          ANI5
              ________      ________      ________      ________      ________
 ANI1           1.000
 ANI2           1.000         1.000
 ANI3           0.662         0.662         0.662
 ANI4           0.453         0.453         0.453         0.453
 ANI5           0.264         0.264         0.264         0.264         0.264
 ANI6           0.122         0.122         0.122         0.122         0.122
 DDV3           1.000         1.000         0.662         0.453         0.264
 DDV4           0.662         0.662         0.662         0.453         0.264
 DDV5           0.453         0.453         0.453         0.453         0.264
 DDV6           0.264         0.264         0.264         0.264         0.264
 COHORT         1.000         1.000         0.662         0.453         0.264
 AGEB           1.000         1.000         0.662         0.453         0.264
 SEX            1.000         1.000         0.662         0.453         0.264
 EDU            1.000         1.000         0.662         0.453         0.264


           Covariance Coverage
              ANI6          DDV3          DDV4          DDV5          DDV6
              ________      ________      ________      ________      ________
 ANI6           0.122
 DDV3           0.122         1.000
 DDV4           0.122         0.662         0.662
 DDV5           0.122         0.453         0.453         0.453
 DDV6           0.122         0.264         0.264         0.264         0.264
 COHORT         0.122         1.000         0.662         0.453         0.264
 AGEB           0.122         1.000         0.662         0.453         0.264
 SEX            0.122         1.000         0.662         0.453         0.264
 EDU            0.122         1.000         0.662         0.453         0.264


           Covariance Coverage
              COHORT        AGEB          SEX           EDU
              ________      ________      ________      ________
 COHORT         1.000
 AGEB           1.000         1.000
 SEX            1.000         1.000         1.000
 EDU            1.000         1.000         1.000         1.000


     PROPORTION OF DATA PRESENT FOR AD


           Covariance Coverage
              ANI1          ANI2          ANI3          ANI4          ANI5
              ________      ________      ________      ________      ________
 ANI1           1.000
 ANI2           1.000         1.000
 ANI3           0.840         0.840         0.840
 ANI4           0.650         0.650         0.650         0.650
 ANI5           0.373         0.373         0.373         0.373         0.373
 ANI6           0.227         0.227         0.227         0.227         0.227
 DDV3           1.000         1.000         0.840         0.650         0.373
 DDV4           0.840         0.840         0.840         0.650         0.373
 DDV5           0.650         0.650         0.650         0.650         0.373
 DDV6           0.373         0.373         0.373         0.373         0.373
 COHORT         1.000         1.000         0.840         0.650         0.373
 AGEB           1.000         1.000         0.840         0.650         0.373
 SEX            1.000         1.000         0.840         0.650         0.373
 EDU            1.000         1.000         0.840         0.650         0.373


           Covariance Coverage
              ANI6          DDV3          DDV4          DDV5          DDV6
              ________      ________      ________      ________      ________
 ANI6           0.227
 DDV3           0.227         1.000
 DDV4           0.227         0.840         0.840
 DDV5           0.227         0.650         0.650         0.650
 DDV6           0.227         0.373         0.373         0.373         0.373
 COHORT         0.227         1.000         0.840         0.650         0.373
 AGEB           0.227         1.000         0.840         0.650         0.373
 SEX            0.227         1.000         0.840         0.650         0.373
 EDU            0.227         1.000         0.840         0.650         0.373


           Covariance Coverage
              COHORT        AGEB          SEX           EDU
              ________      ________      ________      ________
 COHORT         1.000
 AGEB           1.000         1.000
 SEX            1.000         1.000         1.000
 EDU            1.000         1.000         1.000         1.000



UNIVARIATE SAMPLE STATISTICS


     UNIVARIATE HIGHER-ORDER MOMENT DESCRIPTIVE STATISTICS FOR NORMAL

         Variable/         Mean/     Skewness/   Minimum/ % with                Percentiles
        Sample Size      Variance    Kurtosis    Maximum  Min/Max      20%/60%    40%/80%    Median

     ANI1                 12.777       0.154       2.000    0.68%       9.000     12.000     13.000
             296.000      13.795       0.394      25.000    0.34%      14.000     16.000
     ANI2                 12.818      -0.002       2.000    0.34%      10.000     12.000     13.000
             296.000      14.453      -0.081      22.000    0.68%      14.000     16.000
     ANI3                 12.597       0.318       0.000    0.51%       9.000     12.000     13.000
             196.000      17.016       2.014      32.000    0.51%      14.000     16.000
     ANI4                 12.209      -0.105       1.000    0.75%       9.000     12.000     12.000
             134.000      11.165       0.446      21.000    0.75%      13.000     15.000
     ANI5                 11.744       0.627       5.000    2.56%       9.000     10.000     11.500
              78.000      13.139       0.448      23.000    1.28%      13.000     14.000
     ANI6                 10.306       0.261       2.000    2.78%       8.000      9.000     10.000
              36.000      14.601       0.399      20.000    2.78%      11.000     13.000
     DDV3                  0.338       0.686       0.000   66.22%       0.000      0.000      0.000
             296.000       0.224      -1.530       1.000   33.78%       0.000      1.000
     DDV4                  0.316       0.790       0.000   68.37%       0.000      0.000      0.000
             196.000       0.216      -1.376       1.000   31.63%       0.000      1.000
     DDV5                  0.418       0.333       0.000   58.21%       0.000      0.000      0.000
             134.000       0.243      -1.889       1.000   41.79%       1.000      1.000
     DDV6                  0.538      -0.154       0.000   46.15%       0.000      0.000      1.000
              78.000       0.249      -1.976       1.000   53.85%       1.000      1.000
     COHORT                0.000      -0.367      -1.770   40.88%      -1.770     -1.770      1.230
             296.000       2.170      -1.862       1.230   58.78%       1.230      1.230
     AGEB                  0.000       0.412     -12.477    0.34%      -4.112     -1.743     -0.811
             296.000      24.925      -0.089      14.630    0.34%       0.381      3.956
     SEX                   0.000      -0.818      -0.689   31.08%      -0.689      0.311      0.311
             296.000       0.214      -1.332       0.311   68.92%       0.311      0.311
     EDU                   0.000       0.430      -7.284    3.04%      -3.284     -1.284     -0.284
             296.000      15.163      -0.266      10.716    0.68%       0.716      3.716


     UNIVARIATE HIGHER-ORDER MOMENT DESCRIPTIVE STATISTICS FOR AD

         Variable/         Mean/     Skewness/   Minimum/ % with                Percentiles
        Sample Size      Variance    Kurtosis    Maximum  Min/Max      20%/60%    40%/80%    Median

     ANI1                 10.873       0.293       2.000    0.67%       8.000     10.000     11.000
             300.000      14.444       0.462      26.000    0.33%      12.000     14.000
     ANI2                 10.070       0.311       2.000    1.33%       6.000      9.000     10.000
             300.000      14.832      -0.118      22.000    0.33%      11.000     13.000
     ANI3                  9.480       0.709       0.000    0.40%       6.000      8.000      9.000
             252.000      18.210       1.308      28.000    0.40%      10.000     12.000
     ANI4                  8.544       0.645       1.000    1.03%       5.000      7.000      8.000
             195.000      16.002       0.305      22.000    0.51%       9.000     12.000
     ANI5                  8.321       0.338       1.000    3.57%       5.000      7.000      8.000
             112.000      15.218      -0.211      19.000    1.79%       9.000     12.000
     ANI6                  7.029       0.326       1.000    4.41%       3.000      6.000      7.000
              68.000      12.617      -0.140      17.000    1.47%       8.000     10.000
     DDV3                  0.160       1.855       0.000   84.00%       0.000      0.000      0.000
             300.000       0.134       1.440       1.000   16.00%       0.000      0.000
     DDV4                  0.226       1.309       0.000   77.38%       0.000      0.000      0.000
             252.000       0.175      -0.287       1.000   22.62%       0.000      1.000
     DDV5                  0.426       0.301       0.000   57.44%       0.000      0.000      0.000
             195.000       0.244      -1.910       1.000   42.56%       1.000      1.000
     DDV6                  0.393       0.439       0.000   60.71%       0.000      0.000      0.000
             112.000       0.239      -1.807       1.000   39.29%       0.000      1.000
     COHORT                0.000      -0.024      -1.530   45.33%      -1.530     -1.530     -0.530
             300.000       2.136      -1.953       1.470   49.00%       1.470      1.470
     AGEB                  0.000       0.333     -12.940    0.33%      -5.691     -1.842     -0.135
             300.000      33.992      -0.267      16.249    0.33%       1.731      4.854
     SEX                   0.000      -1.134      -0.747   25.33%      -0.747      0.253      0.253
             300.000       0.189      -0.713       0.253   74.67%       0.253      0.253
     EDU                   0.000       0.673      -5.910    7.00%      -2.910     -1.910     -0.910
             300.000      15.109       0.133      14.090    0.33%       0.090      3.090


THE MODEL ESTIMATION TERMINATED NORMALLY



MODEL FIT INFORMATION

Number of Free Parameters                       62

Loglikelihood

          H0 Value                       -6859.711

Information Criteria

          Akaike (AIC)                   13843.422
          Bayesian (BIC)                 14115.617
          Sample-Size Adjusted BIC       13918.786
            (n* = (n + 2) / 24)



MODEL RESULTS

                                                    Two-Tailed
                    Estimate       S.E.  Est./S.E.    P-Value

Group NORMAL

 F        BY
    DDV3               1.000      0.000    999.000    999.000
    DDV4               1.000      0.000    999.000    999.000
    DDV5               1.000      0.000    999.000    999.000
    DDV6               1.000      0.000    999.000    999.000

 F          ON
    I                  0.005      0.011      0.442      0.658
    S                  3.106      2.801      1.109      0.267

 I          ON
    COHORT             0.373      0.137      2.723      0.006
    AGEB              -0.160      0.039     -4.076      0.000
    SEX               -0.445      0.362     -1.230      0.219
    EDU                0.179      0.046      3.854      0.000

 S          ON
    COHORT             0.024      0.020      1.171      0.242
    AGEB              -0.013      0.007     -1.973      0.048
    SEX                0.005      0.014      0.352      0.725
    EDU               -0.004      0.004     -1.031      0.302

 Q          ON
    COHORT             0.000      0.000    999.000    999.000
    AGEB               0.000      0.000    999.000    999.000
    SEX                0.000      0.000    999.000    999.000
    EDU                0.000      0.000    999.000    999.000

 F          ON
    AGEB               0.049      0.041      1.185      0.236

 Q        WITH
    F                  0.000      0.000    999.000    999.000

 Intercepts
    ANI1               0.000      0.000    999.000    999.000
    ANI2               0.000      0.000    999.000    999.000
    ANI3               0.000      0.000    999.000    999.000
    ANI4               0.000      0.000    999.000    999.000
    ANI5               0.000      0.000    999.000    999.000
    ANI6               0.000      0.000    999.000    999.000
    DDV3               0.842      0.592      1.422      0.155
    DDV4               0.889      0.594      1.497      0.134
    DDV5               1.071      0.602      1.779      0.075
    DDV6               1.150      0.612      1.878      0.060
    F                  0.000      0.000    999.000    999.000
    I                 11.802      0.196     60.348      0.000
    S                 -0.190      0.038     -4.955      0.000
    Q                  0.000      0.000    999.000    999.000

 Residual Variances
    ANI1               6.176      0.713      8.665      0.000
    ANI2               7.242      0.830      8.730      0.000
    ANI3              10.813      0.933     11.588      0.000
    ANI4               5.337      0.646      8.267      0.000
    ANI5               6.187      1.299      4.764      0.000
    ANI6              11.345      3.779      3.002      0.003
    DDV3               0.216      0.086      2.521      0.012
    DDV4               0.201      0.098      2.039      0.041
    DDV5               0.206      0.146      1.417      0.156
    DDV6               0.201      0.244      0.825      0.409
    F                  0.000      0.000    999.000    999.000
    I                  5.586      0.726      7.695      0.000
    S                  0.001      0.003      0.274      0.784
    Q                  0.000      0.000    999.000    999.000

Group AD

 F        BY
    DDV3               1.000      0.000    999.000    999.000
    DDV4               1.000      0.000    999.000    999.000
    DDV5               1.000      0.000    999.000    999.000
    DDV6               1.000      0.000    999.000    999.000

 F          ON
    I                 -0.007      0.010     -0.682      0.495
    S                 -2.308      1.660     -1.391      0.164

 I          ON
    COHORT             0.045      0.125      0.360      0.719
    AGEB              -0.077      0.032     -2.389      0.017
    SEX               -0.583      0.395     -1.478      0.140
    EDU               -0.052      0.043     -1.209      0.227

 S          ON
    COHORT            -0.034      0.023     -1.464      0.143
    AGEB              -0.002      0.006     -0.301      0.764
    SEX               -0.001      0.016     -0.070      0.944
    EDU                0.003      0.003      1.104      0.270

 Q          ON
    COHORT            -0.005      0.004     -1.238      0.216
    AGEB               0.001      0.001      1.023      0.306
    SEX               -0.009      0.008     -1.198      0.231
    EDU                0.001      0.001      1.338      0.181

 F          ON
    AGEB               0.001      0.015      0.053      0.958

 Q        WITH
    F                  0.000      0.001      0.016      0.988

 Intercepts
    ANI1               0.000      0.000    999.000    999.000
    ANI2               0.000      0.000    999.000    999.000
    ANI3               0.000      0.000    999.000    999.000
    ANI4               0.000      0.000    999.000    999.000
    ANI5               0.000      0.000    999.000    999.000
    ANI6               0.000      0.000    999.000    999.000
    DDV3               0.842      0.592      1.422      0.155
    DDV4               0.889      0.594      1.497      0.134
    DDV5               1.071      0.602      1.779      0.075
    DDV6               1.150      0.612      1.878      0.060
    F                 -1.808      1.053     -1.718      0.086
    I                  8.512      0.187     45.570      0.000
    S                 -0.522      0.036    -14.467      0.000
    Q                 -0.013      0.006     -2.007      0.045

 Residual Variances
    ANI1               9.678      1.021      9.483      0.000
    ANI2               8.146      0.864      9.423      0.000
    ANI3               9.543      0.771     12.371      0.000
    ANI4               8.462      1.153      7.337      0.000
    ANI5              10.867      1.749      6.212      0.000
    ANI6               8.265      2.249      3.674      0.000
    DDV3               0.137      0.025      5.372      0.000
    DDV4               0.161      0.044      3.682      0.000
    DDV5               0.209      0.098      2.141      0.032
    DDV6               0.184      0.139      1.324      0.185
    F                  0.000      0.000    999.000    999.000
    I                  4.677      0.654      7.150      0.000
    S                  0.000      0.004      0.034      0.973
    Q                  0.000      0.000      0.389      0.697

New/Additional Parameters
    E0TM10            13.706      0.344     39.788      0.000
    E0TM8             13.325      0.281     47.426      0.000
    E0TM6             12.944      0.226     57.295      0.000
    E0TM4             12.564      0.187     67.195      0.000
    E0TM2             12.183      0.175     69.539      0.000
    E0TM0             11.802      0.196     60.348      0.000
    E1TM10            12.450      0.517     24.075      0.000
    E1TM8             11.868      0.344     34.539      0.000
    E1TM6             11.183      0.237     47.237      0.000
    E1TM4             10.395      0.194     53.614      0.000
    E1TM2              9.505      0.186     51.058      0.000
    E1TM0              8.512      0.187     45.570      0.000
    IDIFF              3.289      0.272     12.106      0.000
    SDIFF              0.332      0.054      6.100      0.000


QUALITY OF NUMERICAL RESULTS

     Condition Number for the Information Matrix              0.261E-06
       (ratio of smallest to largest eigenvalue)


CONFIDENCE INTERVALS OF MODEL RESULTS

                  Lower .5%  Lower 2.5%    Lower 5%    Estimate    Upper 5%  Upper 2.5%   Upper .5%

Group NORMAL

 F        BY
    DDV3             1.000       1.000       1.000       1.000       1.000       1.000       1.000
    DDV4             1.000       1.000       1.000       1.000       1.000       1.000       1.000
    DDV5             1.000       1.000       1.000       1.000       1.000       1.000       1.000
    DDV6             1.000       1.000       1.000       1.000       1.000       1.000       1.000

 F        ON
    I               -0.023      -0.016      -0.013       0.005       0.022       0.026       0.032
    S               -4.109      -2.384      -1.501       3.106       7.714       8.597      10.322

 I        ON
    COHORT           0.020       0.104       0.147       0.373       0.598       0.641       0.725
    AGEB            -0.260      -0.236      -0.224      -0.160      -0.095      -0.083      -0.059
    SEX             -1.378      -1.155      -1.041      -0.445       0.150       0.264       0.487
    EDU              0.059       0.088       0.103       0.179       0.255       0.270       0.299

 S        ON
    COHORT          -0.029      -0.016      -0.010       0.024       0.057       0.064       0.076
    AGEB            -0.030      -0.026      -0.024      -0.013      -0.002       0.000       0.004
    SEX             -0.031      -0.022      -0.018       0.005       0.028       0.032       0.040
    EDU             -0.014      -0.012      -0.011      -0.004       0.002       0.004       0.006

 Q        ON
    COHORT           0.000       0.000       0.000       0.000       0.000       0.000       0.000
    AGEB             0.000       0.000       0.000       0.000       0.000       0.000       0.000
    SEX              0.000       0.000       0.000       0.000       0.000       0.000       0.000
    EDU              0.000       0.000       0.000       0.000       0.000       0.000       0.000

 F        ON
    AGEB            -0.057      -0.032      -0.019       0.049       0.116       0.129       0.154

 Q        WITH
    F                0.000       0.000       0.000       0.000       0.000       0.000       0.000

 Intercepts
    ANI1             0.000       0.000       0.000       0.000       0.000       0.000       0.000
    ANI2             0.000       0.000       0.000       0.000       0.000       0.000       0.000
    ANI3             0.000       0.000       0.000       0.000       0.000       0.000       0.000
    ANI4             0.000       0.000       0.000       0.000       0.000       0.000       0.000
    ANI5             0.000       0.000       0.000       0.000       0.000       0.000       0.000
    ANI6             0.000       0.000       0.000       0.000       0.000       0.000       0.000
    DDV3            -0.683      -0.318      -0.132       0.842       1.816       2.002       2.367
    DDV4            -0.641      -0.275      -0.088       0.889       1.867       2.054       2.420
    DDV5            -0.480      -0.109       0.080       1.071       2.062       2.251       2.622
    DDV6            -0.427      -0.050       0.142       1.150       2.157       2.349       2.726
    F                0.000       0.000       0.000       0.000       0.000       0.000       0.000
    I               11.298      11.418      11.480      11.802      12.123      12.185      12.305
    S               -0.289      -0.266      -0.254      -0.190      -0.127      -0.115      -0.091
    Q                0.000       0.000       0.000       0.000       0.000       0.000       0.000

 Residual Variances
    ANI1             4.340       4.779       5.003       6.176       7.348       7.573       8.012
    ANI2             5.105       5.616       5.877       7.242       8.606       8.868       9.378
    ANI3             8.409       8.984       9.278      10.813      12.348      12.642      13.216
    ANI4             3.674       4.072       4.275       5.337       6.399       6.602       7.000
    ANI5             2.842       3.642       4.051       6.187       8.323       8.732       9.532
    ANI6             1.609       3.937       5.127      11.345      17.562      18.752      21.080
    DDV3            -0.005       0.048       0.075       0.216       0.357       0.384       0.436
    DDV4            -0.053       0.008       0.039       0.201       0.362       0.393       0.454
    DDV5            -0.169      -0.079      -0.033       0.206       0.446       0.492       0.582
    DDV6            -0.427      -0.277      -0.200       0.201       0.602       0.679       0.829
    F                0.000       0.000       0.000       0.000       0.000       0.000       0.000
    I                3.716       4.163       4.391       5.586       6.780       7.008       7.455
    S               -0.006      -0.005      -0.004       0.001       0.005       0.006       0.008
    Q                0.000       0.000       0.000       0.000       0.000       0.000       0.000

Group AD

 F        BY
    DDV3             1.000       1.000       1.000       1.000       1.000       1.000       1.000
    DDV4             1.000       1.000       1.000       1.000       1.000       1.000       1.000
    DDV5             1.000       1.000       1.000       1.000       1.000       1.000       1.000
    DDV6             1.000       1.000       1.000       1.000       1.000       1.000       1.000

 F        ON
    I               -0.034      -0.027      -0.024      -0.007       0.010       0.013       0.020
    S               -6.584      -5.562      -5.039      -2.308       0.422       0.945       1.968

 I        ON
    COHORT          -0.277      -0.200      -0.161       0.045       0.251       0.290       0.367
    AGEB            -0.161      -0.141      -0.131      -0.077      -0.024      -0.014       0.006
    SEX             -1.600      -1.357      -1.233      -0.583       0.066       0.190       0.434
    EDU             -0.163      -0.136      -0.123      -0.052       0.019       0.032       0.059

 S        ON
    COHORT          -0.094      -0.080      -0.072      -0.034       0.004       0.012       0.026
    AGEB            -0.017      -0.013      -0.012      -0.002       0.008       0.010       0.013
    SEX             -0.042      -0.032      -0.027      -0.001       0.025       0.030       0.039
    EDU             -0.004      -0.002      -0.001       0.003       0.007       0.008       0.010

 Q        ON
    COHORT          -0.015      -0.013      -0.012      -0.005       0.002       0.003       0.005
    AGEB            -0.001      -0.001       0.000       0.001       0.002       0.002       0.003
    SEX             -0.029      -0.025      -0.022      -0.009       0.003       0.006       0.011
    EDU             -0.001      -0.001       0.000       0.001       0.003       0.003       0.003

 F        ON
    AGEB            -0.037      -0.028      -0.023       0.001       0.025       0.030       0.039

 Q        WITH
    F               -0.004      -0.003      -0.002       0.000       0.002       0.003       0.004

 Intercepts
    ANI1             0.000       0.000       0.000       0.000       0.000       0.000       0.000
    ANI2             0.000       0.000       0.000       0.000       0.000       0.000       0.000
    ANI3             0.000       0.000       0.000       0.000       0.000       0.000       0.000
    ANI4             0.000       0.000       0.000       0.000       0.000       0.000       0.000
    ANI5             0.000       0.000       0.000       0.000       0.000       0.000       0.000
    ANI6             0.000       0.000       0.000       0.000       0.000       0.000       0.000
    DDV3            -0.683      -0.318      -0.132       0.842       1.816       2.002       2.367
    DDV4            -0.641      -0.275      -0.088       0.889       1.867       2.054       2.420
    DDV5            -0.480      -0.109       0.080       1.071       2.062       2.251       2.622
    DDV6            -0.427      -0.050       0.142       1.150       2.157       2.349       2.726
    F               -4.519      -3.871      -3.539      -1.808      -0.076       0.255       0.903
    I                8.031       8.146       8.205       8.512       8.820       8.878       8.993
    S               -0.615      -0.593      -0.582      -0.522      -0.463      -0.451      -0.429
    Q               -0.029      -0.025      -0.023      -0.013      -0.002       0.000       0.004

 Residual Variances
    ANI1             7.049       7.678       7.999       9.678      11.357      11.678      12.307
    ANI2             5.919       6.451       6.724       8.146       9.568       9.840      10.372
    ANI3             7.556       8.031       8.274       9.543      10.811      11.054      11.529
    ANI4             5.492       6.202       6.565       8.462      10.360      10.723      11.433
    ANI5             6.361       7.438       7.989      10.867      13.744      14.295      15.373
    ANI6             2.471       3.856       4.565       8.265      11.965      12.674      14.059
    DDV3             0.071       0.087       0.095       0.137       0.178       0.186       0.202
    DDV4             0.048       0.075       0.089       0.161       0.233       0.247       0.274
    DDV5            -0.042       0.018       0.048       0.209       0.370       0.401       0.461
    DDV6            -0.174      -0.089      -0.045       0.184       0.413       0.457       0.543
    F                0.000       0.000       0.000       0.000       0.000       0.000       0.000
    I                2.992       3.395       3.601       4.677       5.753       5.959       6.362
    S               -0.009      -0.007      -0.006       0.000       0.006       0.007       0.010
    Q                0.000       0.000       0.000       0.000       0.000       0.000       0.000

New/Additional Parameters
    E0TM10          12.819      13.031      13.140      13.706      14.273      14.381      14.594
    E0TM8           12.602      12.775      12.863      13.325      13.788      13.876      14.049
    E0TM6           12.363      12.502      12.573      12.944      13.316      13.387      13.526
    E0TM4           12.082      12.197      12.256      12.564      12.871      12.930      13.045
    E0TM2           11.731      11.839      11.894      12.183      12.471      12.526      12.634
    E0TM0           11.298      11.418      11.480      11.802      12.123      12.185      12.305
    E1TM10          11.118      11.436      11.599      12.450      13.300      13.463      13.782
    E1TM8           10.983      11.194      11.302      11.868      12.433      12.541      12.753
    E1TM6           10.573      10.719      10.793      11.183      11.572      11.647      11.793
    E1TM4            9.896      10.015      10.076      10.395      10.714      10.775      10.895
    E1TM2            9.026       9.140       9.199       9.505       9.811       9.870       9.985
    E1TM0            8.031       8.146       8.205       8.512       8.820       8.878       8.993
    IDIFF            2.590       2.757       2.842       3.289       3.736       3.822       3.989
    SDIFF            0.192       0.225       0.242       0.332       0.421       0.438       0.472


DIAGRAM INFORMATION

  Use View Diagram under the Diagram menu in the Mplus Editor to view the diagram.
  If running Mplus from the Mplus Diagrammer, the diagram opens automatically.

  Diagram output
    c:\users\jet\documents\research_data\vanalyses 2020-06 kayri thesis\2021-09-05 kayri new analyses\2022-08-17 syntax

     Beginning Time:  16:17:20
        Ending Time:  16:18:06
       Elapsed Time:  00:00:46



MUTHEN & MUTHEN
3463 Stoner Ave.
Los Angeles, CA  90066

Tel: (310) 391-9971
Fax: (310) 391-8971
Web: www.StatModel.com
Support: Support@StatModel.com

Copyright (c) 1998-2017 Muthen & Muthen
