Mplus VERSION 8
MUTHEN & MUTHEN
08/20/2022   4:07 PM

INPUT INSTRUCTIONS



  usevariables are id T1-T6 let1-let6
  cohort ageb dx  sex edu DDV3-DDV6;

  GROUPING = dx (0=normal 1=AD);

  IDVARIABLE = id;

  MISSING ARE ALL (-999) ;

  TSCORES= T1-T6;

  DEFINE: CENTER cohort ageb edu sex (GRANDMEAN);

  ANALYSIS:TYPE=RANDOM;
  ESTIMATOR = MLF;

  MODEL: i s | let1-let6 AT T1-T6;

  i s ON cohort ageb sex edu;

  [s] ;
  [i] ;
  s*;
  i*;


  F BY DDV3-DDV6@1;

  F@0;

  F ON I ;
  F ON S ;

  !F ON Q ;
  !no model conversion if Q is regressed on F;

  F ON ageb;


  model normal:
  i s ON cohort ageb sex edu;

  [s] (Sn);
  [i] (In);
  s*;
  i*;

  model AD:
  i s ON cohort ageb sex edu;

  [s] (Sd);
  [i] (Id);
  s*;
  i*;

  MODEL CONSTRAINT:
    new(E0tm10 E0tm8 E0tm6 E0tm4 E0tm2 E0tm0
     E1tm10 E1tm8 E1tm6 E1tm4 E1tm2 E1tm0
     idiff sdiff);

    E0tm10 = In + (Sn * (-10));
    E0tm8  = In + (Sn * (-8));
    E0tm6  = In + (Sn * (-6));
    E0tm4  = In + (Sn * (-4));
    E0tm2  = In + (Sn * (-2));
    E0tm0  = In + (Sn * (-0));

    E1tm10 = Id + (Sd * (-10));
    E1tm8  = Id + (Sd * (-8));
    E1tm6  = Id + (Sd * (-6));
    E1tm4  = Id + (Sd * (-4));
    E1tm2  = Id + (Sd * (-2));
    E1tm0  = Id + (Sd * (-0));

  idiff = In - Id;
  sdiff = Sn - Sd;


  output: CINTERVAL;










INPUT READING TERMINATED NORMALLY



2022-08-20 Kayri new analyses Spanish speakers;

SUMMARY OF ANALYSIS

Number of groups                                                 2
Number of observations
   Group NORMAL                                                533
   Group AD                                                    300
   Total sample size                                           833

Number of dependent variables                                   10
Number of independent variables                                  4
Number of continuous latent variables                            3

Observed dependent variables

  Continuous
   LET1        LET2        LET3        LET4        LET5        LET6
   DDV3        DDV4        DDV5        DDV6

Observed independent variables
   COHORT      AGEB        SEX         EDU

Continuous latent variables
   F           I           S

Variables with special functions

  Grouping variable     DX
  ID variable           ID

  Time scores
   T1          T2          T3          T4          T5          T6

  Centering (GRANDMEAN)
   COHORT      AGEB        EDU         SEX


Estimator                                                      MLF
Information matrix                                        OBSERVED
Maximum number of iterations                                   100
Convergence criterion                                    0.100D-05
Maximum number of EM iterations                                500
Convergence criteria for the EM algorithm
  Loglikelihood change                                   0.100D-02
  Relative loglikelihood change                          0.100D-05
  Derivative                                             0.100D-03
Minimum variance                                         0.100D-03
Maximum number of steepest descent iterations                   20
Maximum number of iterations for H1                           2000
Convergence criterion for H1                             0.100D-03
Optimization algorithm                                         EMA

Input data file(s)
  C:\Users\Jet\Documents\Research_data\vAnalyses 2020-06 Kayri thesis\2021-09-05
Input data format  FREE


SUMMARY OF DATA

   Group NORMAL
     Number of missing data patterns             5

   Group AD
     Number of missing data patterns             5


COVARIANCE COVERAGE OF DATA

Minimum covariance coverage value   0.100


     PROPORTION OF DATA PRESENT FOR NORMAL


           Covariance Coverage
              LET1          LET2          LET3          LET4          LET5
              ________      ________      ________      ________      ________
 LET1           1.000
 LET2           1.000         1.000
 LET3           0.692         0.692         0.692
 LET4           0.499         0.499         0.499         0.499
 LET5           0.287         0.287         0.287         0.287         0.287
 LET6           0.152         0.152         0.152         0.152         0.152
 DDV3           1.000         1.000         0.692         0.499         0.287
 DDV4           0.692         0.692         0.692         0.499         0.287
 DDV5           0.499         0.499         0.499         0.499         0.287
 DDV6           0.287         0.287         0.287         0.287         0.287
 COHORT         1.000         1.000         0.692         0.499         0.287
 AGEB           1.000         1.000         0.692         0.499         0.287
 SEX            1.000         1.000         0.692         0.499         0.287
 EDU            1.000         1.000         0.692         0.499         0.287


           Covariance Coverage
              LET6          DDV3          DDV4          DDV5          DDV6
              ________      ________      ________      ________      ________
 LET6           0.152
 DDV3           0.152         1.000
 DDV4           0.152         0.692         0.692
 DDV5           0.152         0.499         0.499         0.499
 DDV6           0.152         0.287         0.287         0.287         0.287
 COHORT         0.152         1.000         0.692         0.499         0.287
 AGEB           0.152         1.000         0.692         0.499         0.287
 SEX            0.152         1.000         0.692         0.499         0.287
 EDU            0.152         1.000         0.692         0.499         0.287


           Covariance Coverage
              COHORT        AGEB          SEX           EDU
              ________      ________      ________      ________
 COHORT         1.000
 AGEB           1.000         1.000
 SEX            1.000         1.000         1.000
 EDU            1.000         1.000         1.000         1.000


     PROPORTION OF DATA PRESENT FOR AD


           Covariance Coverage
              LET1          LET2          LET3          LET4          LET5
              ________      ________      ________      ________      ________
 LET1           1.000
 LET2           1.000         1.000
 LET3           0.840         0.840         0.840
 LET4           0.650         0.650         0.650         0.650
 LET5           0.373         0.373         0.373         0.373         0.373
 LET6           0.227         0.227         0.227         0.227         0.227
 DDV3           1.000         1.000         0.840         0.650         0.373
 DDV4           0.840         0.840         0.840         0.650         0.373
 DDV5           0.650         0.650         0.650         0.650         0.373
 DDV6           0.373         0.373         0.373         0.373         0.373
 COHORT         1.000         1.000         0.840         0.650         0.373
 AGEB           1.000         1.000         0.840         0.650         0.373
 SEX            1.000         1.000         0.840         0.650         0.373
 EDU            1.000         1.000         0.840         0.650         0.373


           Covariance Coverage
              LET6          DDV3          DDV4          DDV5          DDV6
              ________      ________      ________      ________      ________
 LET6           0.227
 DDV3           0.227         1.000
 DDV4           0.227         0.840         0.840
 DDV5           0.227         0.650         0.650         0.650
 DDV6           0.227         0.373         0.373         0.373         0.373
 COHORT         0.227         1.000         0.840         0.650         0.373
 AGEB           0.227         1.000         0.840         0.650         0.373
 SEX            0.227         1.000         0.840         0.650         0.373
 EDU            0.227         1.000         0.840         0.650         0.373


           Covariance Coverage
              COHORT        AGEB          SEX           EDU
              ________      ________      ________      ________
 COHORT         1.000
 AGEB           1.000         1.000
 SEX            1.000         1.000         1.000
 EDU            1.000         1.000         1.000         1.000



UNIVARIATE SAMPLE STATISTICS


     UNIVARIATE HIGHER-ORDER MOMENT DESCRIPTIVE STATISTICS FOR NORMAL

         Variable/         Mean/     Skewness/   Minimum/ % with                Percentiles
        Sample Size      Variance    Kurtosis    Maximum  Min/Max      20%/60%    40%/80%    Median

     LET1                  7.341       0.256       0.667    0.38%       4.667      6.333      7.333
             533.000       9.906      -0.272      18.333    0.19%       8.000     10.000
     LET2                  7.570       0.335       0.667    0.38%       4.667      6.333      7.333
             533.000      10.641      -0.422      18.000    0.19%       8.333     10.667
     LET3                  7.782       0.235       1.333    1.08%       5.000      6.667      7.667
             369.000      11.003      -0.478      19.000    0.27%       8.333     10.667
     LET4                  7.927       0.186       0.333    0.38%       4.667      7.000      8.000
             266.000      11.080      -0.062      19.000    0.38%       8.667     10.667
     LET5                  7.987       0.405       0.667    0.65%       5.333      7.333      8.000
             153.000      11.669       0.360      18.667    0.65%       8.667     10.333
     LET6                  7.728       0.487       1.000    1.23%       5.000      6.333      7.000
              81.000      11.037      -0.056      17.000    1.23%       8.333     10.333
     DDV3                  0.308       0.833       0.000   69.23%       0.000      0.000      0.000
             533.000       0.213      -1.306       1.000   30.77%       0.000      1.000
     DDV4                  0.279       0.985       0.000   72.09%       0.000      0.000      0.000
             369.000       0.201      -1.030       1.000   27.91%       0.000      1.000
     DDV5                  0.425       0.304       0.000   57.52%       0.000      0.000      0.000
             266.000       0.244      -1.907       1.000   42.48%       1.000      1.000
     DDV6                  0.471       0.118       0.000   52.94%       0.000      0.000      0.000
             153.000       0.249      -1.986       1.000   47.06%       1.000      1.000
     COHORT                0.000      -0.263      -1.694   43.34%      -1.694     -1.694      1.306
             533.000       2.201      -1.926       1.306   56.10%       1.306      1.306
     AGEB                  0.000       0.324     -12.290    0.19%      -3.997     -1.641     -0.578
             533.000      23.072      -0.157      14.817    0.19%       0.664      4.039
     SEX                   0.000      -0.805      -0.687   31.33%      -0.687      0.313      0.313
             533.000       0.215      -1.352       0.313   68.67%       0.313      0.313
     EDU                   0.000       0.462      -6.991    4.32%      -3.991     -0.991      0.009
             533.000      16.171      -0.186      13.009    0.19%       1.009      4.009


     UNIVARIATE HIGHER-ORDER MOMENT DESCRIPTIVE STATISTICS FOR AD

         Variable/         Mean/     Skewness/   Minimum/ % with                Percentiles
        Sample Size      Variance    Kurtosis    Maximum  Min/Max      20%/60%    40%/80%    Median

     LET1                  6.482       1.234       0.333    0.33%       3.667      5.667      6.333
             300.000      10.089       5.150      26.667    0.33%       7.000      8.667
     LET2                  6.329       0.731       0.333    1.00%       3.667      5.000      5.667
             300.000      10.951       0.482      18.667    0.33%       6.667      9.000
     LET3                  5.923       0.454       0.333    0.79%       3.333      4.667      5.333
             252.000       9.048      -0.323      14.667    0.40%       6.333      8.333
     LET4                  5.829       0.613       0.000    0.51%       3.333      4.667      5.333
             195.000       9.192       0.320      16.333    0.51%       6.333      8.333
     LET5                  5.729       0.624       1.000    3.57%       3.333      5.000      5.333
             112.000       7.305       0.488      14.000    1.79%       6.333      7.667
     LET6                  5.245       0.674       1.000    1.47%       3.333      4.333      4.667
              68.000       5.303       0.006      11.333    2.94%       5.333      7.333
     DDV3                  0.160       1.855       0.000   84.00%       0.000      0.000      0.000
             300.000       0.134       1.440       1.000   16.00%       0.000      0.000
     DDV4                  0.226       1.309       0.000   77.38%       0.000      0.000      0.000
             252.000       0.175      -0.287       1.000   22.62%       0.000      1.000
     DDV5                  0.426       0.301       0.000   57.44%       0.000      0.000      0.000
             195.000       0.244      -1.910       1.000   42.56%       1.000      1.000
     DDV6                  0.393       0.439       0.000   60.71%       0.000      0.000      0.000
             112.000       0.239      -1.807       1.000   39.29%       0.000      1.000
     COHORT                0.000      -0.024      -1.530   45.33%      -1.530     -1.530     -0.530
             300.000       2.136      -1.953       1.470   49.00%       1.470      1.470
     AGEB                  0.000       0.333     -12.940    0.33%      -5.691     -1.842     -0.135
             300.000      33.992      -0.267      16.249    0.33%       1.731      4.854
     SEX                   0.000      -1.134      -0.747   25.33%      -0.747      0.253      0.253
             300.000       0.189      -0.713       0.253   74.67%       0.253      0.253
     EDU                   0.000       0.673      -5.910    7.00%      -2.910     -1.910     -0.910
             300.000      15.109       0.133      14.090    0.33%       0.090      3.090


THE MODEL ESTIMATION TERMINATED NORMALLY



MODEL FIT INFORMATION

Number of Free Parameters                       55

Loglikelihood

          H0 Value                       -8283.938

Information Criteria

          Akaike (AIC)                   16677.875
          Bayesian (BIC)                 16937.752
          Sample-Size Adjusted BIC       16763.091
            (n* = (n + 2) / 24)



MODEL RESULTS

                                                    Two-Tailed
                    Estimate       S.E.  Est./S.E.    P-Value

Group NORMAL

 F        BY
    DDV3               1.000      0.000    999.000    999.000
    DDV4               1.000      0.000    999.000    999.000
    DDV5               1.000      0.000    999.000    999.000
    DDV6               1.000      0.000    999.000    999.000

 F          ON
    I                 -0.020      0.007     -2.829      0.005
    S                  4.055      1.824      2.222      0.026

 I          ON
    COHORT            -0.053      0.088     -0.604      0.546
    AGEB              -0.020      0.026     -0.756      0.449
    SEX               -0.285      0.255     -1.117      0.264
    EDU                0.347      0.033     10.502      0.000

 S          ON
    COHORT             0.020      0.008      2.326      0.020
    AGEB              -0.002      0.003     -0.533      0.594
    SEX                0.000      0.007     -0.031      0.975
    EDU               -0.001      0.001     -1.001      0.317

 F          ON
    AGEB               0.015      0.012      1.216      0.224

 Intercepts
    LET1               0.000      0.000    999.000    999.000
    LET2               0.000      0.000    999.000    999.000
    LET3               0.000      0.000    999.000    999.000
    LET4               0.000      0.000    999.000    999.000
    LET5               0.000      0.000    999.000    999.000
    LET6               0.000      0.000    999.000    999.000
    DDV3               0.497      0.093      5.315      0.000
    DDV4               0.532      0.092      5.790      0.000
    DDV5               0.728      0.093      7.814      0.000
    DDV6               0.791      0.102      7.723      0.000
    F                  0.000      0.000    999.000    999.000
    I                  7.324      0.134     54.646      0.000
    S                 -0.015      0.017     -0.901      0.368

 Residual Variances
    LET1               2.493      0.217     11.481      0.000
    LET2               2.662      0.207     12.860      0.000
    LET3               2.859      0.243     11.784      0.000
    LET4               2.743      0.212     12.925      0.000
    LET5               2.473      0.292      8.481      0.000
    LET6               3.554      0.621      5.726      0.000
    DDV3               0.200      0.038      5.215      0.000
    DDV4               0.179      0.043      4.106      0.000
    DDV5               0.206      0.072      2.842      0.004
    DDV6               0.202      0.109      1.859      0.063
    F                  0.000      0.000    999.000    999.000
    I                  5.906      0.408     14.462      0.000
    S                  0.000      0.001      0.507      0.612

Group AD

 F        BY
    DDV3               1.000      0.000    999.000    999.000
    DDV4               1.000      0.000    999.000    999.000
    DDV5               1.000      0.000    999.000    999.000
    DDV6               1.000      0.000    999.000    999.000

 F          ON
    I                 -0.010      0.010     -1.025      0.305
    S                  1.559      0.470      3.319      0.001

 I          ON
    COHORT            -0.052      0.100     -0.524      0.600
    AGEB               0.009      0.022      0.414      0.679
    SEX               -0.122      0.304     -0.402      0.688
    EDU                0.210      0.035      6.016      0.000

 S          ON
    COHORT             0.043      0.011      4.005      0.000
    AGEB              -0.008      0.003     -2.978      0.003
    SEX                0.017      0.022      0.758      0.449
    EDU               -0.007      0.003     -2.748      0.006

 F          ON
    AGEB               0.018      0.006      3.261      0.001

 Intercepts
    LET1               0.000      0.000    999.000    999.000
    LET2               0.000      0.000    999.000    999.000
    LET3               0.000      0.000    999.000    999.000
    LET4               0.000      0.000    999.000    999.000
    LET5               0.000      0.000    999.000    999.000
    LET6               0.000      0.000    999.000    999.000
    DDV3               0.497      0.093      5.315      0.000
    DDV4               0.532      0.092      5.790      0.000
    DDV5               0.728      0.093      7.814      0.000
    DDV6               0.791      0.102      7.723      0.000
    F                  0.063      0.144      0.435      0.664
    I                  5.406      0.157     34.506      0.000
    S                 -0.205      0.020    -10.473      0.000

 Residual Variances
    LET1               4.275      0.262     16.323      0.000
    LET2               3.561      0.333     10.690      0.000
    LET3               2.847      0.348      8.182      0.000
    LET4               2.598      0.353      7.349      0.000
    LET5               4.001      0.507      7.896      0.000
    LET6               2.903      0.820      3.541      0.000
    DDV3               0.134      0.021      6.513      0.000
    DDV4               0.161      0.030      5.266      0.000
    DDV5               0.211      0.077      2.759      0.006
    DDV6               0.188      0.101      1.860      0.063
    F                  0.000      0.000    999.000    999.000
    I                  4.022      0.404      9.948      0.000
    S                  0.001      0.002      0.342      0.732

New/Additional Parameters
    E0TM10             7.475      0.181     41.343      0.000
    E0TM8              7.445      0.159     46.840      0.000
    E0TM6              7.415      0.142     52.331      0.000
    E0TM4              7.384      0.131     56.420      0.000
    E0TM2              7.354      0.128     57.381      0.000
    E0TM0              7.324      0.134     54.646      0.000
    E1TM10             7.455      0.213     35.065      0.000
    E1TM8              7.045      0.187     37.689      0.000
    E1TM6              6.635      0.167     39.835      0.000
    E1TM4              6.226      0.154     40.513      0.000
    E1TM2              5.816      0.150     38.731      0.000
    E1TM0              5.406      0.157     34.506      0.000
    IDIFF              1.919      0.205      9.346      0.000
    SDIFF              0.190      0.025      7.541      0.000


QUALITY OF NUMERICAL RESULTS

     Condition Number for the Information Matrix              0.218E-05
       (ratio of smallest to largest eigenvalue)


CONFIDENCE INTERVALS OF MODEL RESULTS

                  Lower .5%  Lower 2.5%    Lower 5%    Estimate    Upper 5%  Upper 2.5%   Upper .5%

Group NORMAL

 F        BY
    DDV3             1.000       1.000       1.000       1.000       1.000       1.000       1.000
    DDV4             1.000       1.000       1.000       1.000       1.000       1.000       1.000
    DDV5             1.000       1.000       1.000       1.000       1.000       1.000       1.000
    DDV6             1.000       1.000       1.000       1.000       1.000       1.000       1.000

 F        ON
    I               -0.039      -0.035      -0.032      -0.020      -0.009      -0.006      -0.002
    S               -0.645       0.479       1.053       4.055       7.056       7.631       8.754

 I        ON
    COHORT          -0.279      -0.225      -0.197      -0.053       0.091       0.119       0.173
    AGEB            -0.088      -0.072      -0.063      -0.020       0.023       0.032       0.048
    SEX             -0.941      -0.784      -0.704      -0.285       0.134       0.215       0.372
    EDU              0.262       0.282       0.293       0.347       0.401       0.412       0.432

 S        ON
    COHORT          -0.002       0.003       0.006       0.020       0.034       0.036       0.041
    AGEB            -0.009      -0.007      -0.006      -0.002       0.003       0.004       0.006
    SEX             -0.018      -0.014      -0.012       0.000       0.011       0.014       0.018
    EDU             -0.003      -0.003      -0.002      -0.001       0.001       0.001       0.001

 F        ON
    AGEB            -0.016      -0.009      -0.005       0.015       0.034       0.038       0.046

 Intercepts
    LET1             0.000       0.000       0.000       0.000       0.000       0.000       0.000
    LET2             0.000       0.000       0.000       0.000       0.000       0.000       0.000
    LET3             0.000       0.000       0.000       0.000       0.000       0.000       0.000
    LET4             0.000       0.000       0.000       0.000       0.000       0.000       0.000
    LET5             0.000       0.000       0.000       0.000       0.000       0.000       0.000
    LET6             0.000       0.000       0.000       0.000       0.000       0.000       0.000
    DDV3             0.256       0.314       0.343       0.497       0.651       0.680       0.738
    DDV4             0.295       0.352       0.381       0.532       0.683       0.712       0.769
    DDV5             0.488       0.545       0.575       0.728       0.881       0.911       0.968
    DDV6             0.527       0.590       0.622       0.791       0.959       0.992       1.055
    F                0.000       0.000       0.000       0.000       0.000       0.000       0.000
    I                6.979       7.061       7.104       7.324       7.545       7.587       7.669
    S               -0.058      -0.048      -0.043      -0.015       0.012       0.018       0.028

 Residual Variances
    LET1             1.933       2.067       2.136       2.493       2.850       2.918       3.052
    LET2             2.129       2.256       2.322       2.662       3.003       3.068       3.195
    LET3             2.234       2.384       2.460       2.859       3.259       3.335       3.485
    LET4             2.197       2.327       2.394       2.743       3.093       3.159       3.290
    LET5             1.722       1.901       1.993       2.473       2.952       3.044       3.224
    LET6             1.955       2.337       2.533       3.554       4.575       4.770       5.153
    DDV3             0.101       0.125       0.137       0.200       0.263       0.275       0.299
    DDV4             0.067       0.093       0.107       0.179       0.250       0.264       0.291
    DDV5             0.019       0.064       0.087       0.206       0.325       0.348       0.392
    DDV6            -0.078      -0.011       0.023       0.202       0.381       0.415       0.482
    F                0.000       0.000       0.000       0.000       0.000       0.000       0.000
    I                4.854       5.105       5.234       5.906       6.577       6.706       6.957
    S               -0.002      -0.001      -0.001       0.000       0.002       0.002       0.002

Group AD

 F        BY
    DDV3             1.000       1.000       1.000       1.000       1.000       1.000       1.000
    DDV4             1.000       1.000       1.000       1.000       1.000       1.000       1.000
    DDV5             1.000       1.000       1.000       1.000       1.000       1.000       1.000
    DDV6             1.000       1.000       1.000       1.000       1.000       1.000       1.000

 F        ON
    I               -0.036      -0.029      -0.026      -0.010       0.006       0.009       0.015
    S                0.349       0.638       0.786       1.559       2.331       2.479       2.768

 I        ON
    COHORT          -0.310      -0.248      -0.217      -0.052       0.112       0.144       0.205
    AGEB            -0.048      -0.035      -0.027       0.009       0.046       0.053       0.067
    SEX             -0.905      -0.718      -0.622      -0.122       0.378       0.473       0.660
    EDU              0.120       0.142       0.153       0.210       0.268       0.279       0.301

 S        ON
    COHORT           0.015       0.022       0.025       0.043       0.061       0.064       0.071
    AGEB            -0.014      -0.013      -0.012      -0.008      -0.003      -0.003      -0.001
    SEX             -0.040      -0.026      -0.019       0.017       0.052       0.059       0.073
    EDU             -0.014      -0.012      -0.012      -0.007      -0.003      -0.002       0.000

 F        ON
    AGEB             0.004       0.007       0.009       0.018       0.028       0.029       0.033

 Intercepts
    LET1             0.000       0.000       0.000       0.000       0.000       0.000       0.000
    LET2             0.000       0.000       0.000       0.000       0.000       0.000       0.000
    LET3             0.000       0.000       0.000       0.000       0.000       0.000       0.000
    LET4             0.000       0.000       0.000       0.000       0.000       0.000       0.000
    LET5             0.000       0.000       0.000       0.000       0.000       0.000       0.000
    LET6             0.000       0.000       0.000       0.000       0.000       0.000       0.000
    DDV3             0.256       0.314       0.343       0.497       0.651       0.680       0.738
    DDV4             0.295       0.352       0.381       0.532       0.683       0.712       0.769
    DDV5             0.488       0.545       0.575       0.728       0.881       0.911       0.968
    DDV6             0.527       0.590       0.622       0.791       0.959       0.992       1.055
    F               -0.308      -0.220      -0.174       0.063       0.299       0.345       0.433
    I                5.002       5.099       5.148       5.406       5.663       5.713       5.809
    S               -0.255      -0.243      -0.237      -0.205      -0.173      -0.167      -0.155

 Residual Variances
    LET1             3.601       3.762       3.845       4.275       4.706       4.789       4.950
    LET2             2.703       2.908       3.013       3.561       4.109       4.214       4.419
    LET3             1.951       2.165       2.274       2.847       3.419       3.529       3.743
    LET4             1.687       1.905       2.016       2.598       3.179       3.290       3.508
    LET5             2.696       3.008       3.168       4.001       4.835       4.995       5.307
    LET6             0.791       1.296       1.554       2.903       4.252       4.510       5.015
    DDV3             0.081       0.094       0.100       0.134       0.168       0.174       0.187
    DDV4             0.082       0.101       0.110       0.161       0.211       0.220       0.239
    DDV5             0.014       0.061       0.085       0.211       0.337       0.361       0.408
    DDV6            -0.072      -0.010       0.022       0.188       0.355       0.387       0.449
    F                0.000       0.000       0.000       0.000       0.000       0.000       0.000
    I                2.981       3.230       3.357       4.022       4.688       4.815       5.064
    S               -0.005      -0.004      -0.003       0.001       0.005       0.006       0.007

New/Additional Parameters
    E0TM10           7.009       7.121       7.178       7.475       7.772       7.829       7.941
    E0TM8            7.035       7.133       7.183       7.445       7.706       7.756       7.854
    E0TM6            7.050       7.137       7.182       7.415       7.648       7.692       7.780
    E0TM4            7.047       7.128       7.169       7.384       7.600       7.641       7.722
    E0TM2            7.024       7.103       7.143       7.354       7.565       7.606       7.684
    E0TM0            6.979       7.061       7.104       7.324       7.545       7.587       7.669
    E1TM10           6.908       7.039       7.106       7.455       7.805       7.872       8.003
    E1TM8            6.564       6.679       6.738       7.045       7.353       7.412       7.527
    E1TM6            6.206       6.309       6.361       6.635       6.909       6.962       7.065
    E1TM4            5.830       5.924       5.973       6.226       6.478       6.527       6.621
    E1TM2            5.429       5.521       5.569       5.816       6.063       6.110       6.202
    E1TM0            5.002       5.099       5.148       5.406       5.663       5.713       5.809
    IDIFF            1.390       1.516       1.581       1.919       2.256       2.321       2.447
    SDIFF            0.125       0.141       0.148       0.190       0.231       0.239       0.255


DIAGRAM INFORMATION

  Use View Diagram under the Diagram menu in the Mplus Editor to view the diagram.
  If running Mplus from the Mplus Diagrammer, the diagram opens automatically.

  Diagram output
    c:\users\jet\documents\research_data\vanalyses 2020-06 kayri thesis\2021-09-05 kayri new analyses\2022-08-17 syntax

     Beginning Time:  16:07:58
        Ending Time:  16:08:14
       Elapsed Time:  00:00:16



MUTHEN & MUTHEN
3463 Stoner Ave.
Los Angeles, CA  90066

Tel: (310) 391-9971
Fax: (310) 391-8971
Web: www.StatModel.com
Support: Support@StatModel.com

Copyright (c) 1998-2017 Muthen & Muthen
