Mplus VERSION 8
MUTHEN & MUTHEN
08/20/2022   4:17 PM

INPUT INSTRUCTIONS



  usevariables are id T1-T6 let1-let6
  cohort ageb dx  sex edu DDV3-DDV6;

  useobservations are exmci EQ 0;

  GROUPING = dx (0=normal 1=AD);

  IDVARIABLE = id;

  MISSING ARE ALL (-999) ;

  TSCORES= T1-T6;

  DEFINE: CENTER cohort ageb edu sex (GRANDMEAN);

  ANALYSIS:TYPE=RANDOM;
  ESTIMATOR = MLF;

  MODEL: i s | let1-let6 AT T1-T6;

  i s ON cohort ageb sex edu;

  [s] ;
  [i] ;
  s*;
  i*;


  F BY DDV3-DDV6@1;

  F@0;

  F ON I ;
  F ON S ;

  !F ON Q ;
  !no model conversion if Q is regressed on F;

  F ON ageb;


  model normal:
  i s ON cohort ageb sex edu;

  [s] (Sn);
  [i] (In);
  s*;
  i*;

  model AD:
  i s ON cohort ageb sex edu;

  [s] (Sd);
  [i] (Id);
  s*;
  i*;

  MODEL CONSTRAINT:
    new(E0tm10 E0tm8 E0tm6 E0tm4 E0tm2 E0tm0
     E1tm10 E1tm8 E1tm6 E1tm4 E1tm2 E1tm0
     idiff sdiff);

    E0tm10 = In + (Sn * (-10));
    E0tm8  = In + (Sn * (-8));
    E0tm6  = In + (Sn * (-6));
    E0tm4  = In + (Sn * (-4));
    E0tm2  = In + (Sn * (-2));
    E0tm0  = In + (Sn * (-0));

    E1tm10 = Id + (Sd * (-10));
    E1tm8  = Id + (Sd * (-8));
    E1tm6  = Id + (Sd * (-6));
    E1tm4  = Id + (Sd * (-4));
    E1tm2  = Id + (Sd * (-2));
    E1tm0  = Id + (Sd * (-0));

  idiff = In - Id;
  sdiff = Sn - Sd;



  output: CINTERVAL;










INPUT READING TERMINATED NORMALLY



2022-08-20 Kayri new analyses Spanish speakers;

SUMMARY OF ANALYSIS

Number of groups                                                 2
Number of observations
   Group NORMAL                                                296
   Group AD                                                    300
   Total sample size                                           596

Number of dependent variables                                   10
Number of independent variables                                  4
Number of continuous latent variables                            3

Observed dependent variables

  Continuous
   LET1        LET2        LET3        LET4        LET5        LET6
   DDV3        DDV4        DDV5        DDV6

Observed independent variables
   COHORT      AGEB        SEX         EDU

Continuous latent variables
   F           I           S

Variables with special functions

  Grouping variable     DX
  ID variable           ID

  Time scores
   T1          T2          T3          T4          T5          T6

  Centering (GRANDMEAN)
   COHORT      AGEB        EDU         SEX


Estimator                                                      MLF
Information matrix                                        OBSERVED
Maximum number of iterations                                   100
Convergence criterion                                    0.100D-05
Maximum number of EM iterations                                500
Convergence criteria for the EM algorithm
  Loglikelihood change                                   0.100D-02
  Relative loglikelihood change                          0.100D-05
  Derivative                                             0.100D-03
Minimum variance                                         0.100D-03
Maximum number of steepest descent iterations                   20
Maximum number of iterations for H1                           2000
Convergence criterion for H1                             0.100D-03
Optimization algorithm                                         EMA

Input data file(s)
  C:\Users\Jet\Documents\Research_data\vAnalyses 2020-06 Kayri thesis\2021-09-05
Input data format  FREE


SUMMARY OF DATA

   Group NORMAL
     Number of missing data patterns             5

   Group AD
     Number of missing data patterns             5


COVARIANCE COVERAGE OF DATA

Minimum covariance coverage value   0.100


     PROPORTION OF DATA PRESENT FOR NORMAL


           Covariance Coverage
              LET1          LET2          LET3          LET4          LET5
              ________      ________      ________      ________      ________
 LET1           1.000
 LET2           1.000         1.000
 LET3           0.662         0.662         0.662
 LET4           0.453         0.453         0.453         0.453
 LET5           0.264         0.264         0.264         0.264         0.264
 LET6           0.122         0.122         0.122         0.122         0.122
 DDV3           1.000         1.000         0.662         0.453         0.264
 DDV4           0.662         0.662         0.662         0.453         0.264
 DDV5           0.453         0.453         0.453         0.453         0.264
 DDV6           0.264         0.264         0.264         0.264         0.264
 COHORT         1.000         1.000         0.662         0.453         0.264
 AGEB           1.000         1.000         0.662         0.453         0.264
 SEX            1.000         1.000         0.662         0.453         0.264
 EDU            1.000         1.000         0.662         0.453         0.264


           Covariance Coverage
              LET6          DDV3          DDV4          DDV5          DDV6
              ________      ________      ________      ________      ________
 LET6           0.122
 DDV3           0.122         1.000
 DDV4           0.122         0.662         0.662
 DDV5           0.122         0.453         0.453         0.453
 DDV6           0.122         0.264         0.264         0.264         0.264
 COHORT         0.122         1.000         0.662         0.453         0.264
 AGEB           0.122         1.000         0.662         0.453         0.264
 SEX            0.122         1.000         0.662         0.453         0.264
 EDU            0.122         1.000         0.662         0.453         0.264


           Covariance Coverage
              COHORT        AGEB          SEX           EDU
              ________      ________      ________      ________
 COHORT         1.000
 AGEB           1.000         1.000
 SEX            1.000         1.000         1.000
 EDU            1.000         1.000         1.000         1.000


     PROPORTION OF DATA PRESENT FOR AD


           Covariance Coverage
              LET1          LET2          LET3          LET4          LET5
              ________      ________      ________      ________      ________
 LET1           1.000
 LET2           1.000         1.000
 LET3           0.840         0.840         0.840
 LET4           0.650         0.650         0.650         0.650
 LET5           0.373         0.373         0.373         0.373         0.373
 LET6           0.227         0.227         0.227         0.227         0.227
 DDV3           1.000         1.000         0.840         0.650         0.373
 DDV4           0.840         0.840         0.840         0.650         0.373
 DDV5           0.650         0.650         0.650         0.650         0.373
 DDV6           0.373         0.373         0.373         0.373         0.373
 COHORT         1.000         1.000         0.840         0.650         0.373
 AGEB           1.000         1.000         0.840         0.650         0.373
 SEX            1.000         1.000         0.840         0.650         0.373
 EDU            1.000         1.000         0.840         0.650         0.373


           Covariance Coverage
              LET6          DDV3          DDV4          DDV5          DDV6
              ________      ________      ________      ________      ________
 LET6           0.227
 DDV3           0.227         1.000
 DDV4           0.227         0.840         0.840
 DDV5           0.227         0.650         0.650         0.650
 DDV6           0.227         0.373         0.373         0.373         0.373
 COHORT         0.227         1.000         0.840         0.650         0.373
 AGEB           0.227         1.000         0.840         0.650         0.373
 SEX            0.227         1.000         0.840         0.650         0.373
 EDU            0.227         1.000         0.840         0.650         0.373


           Covariance Coverage
              COHORT        AGEB          SEX           EDU
              ________      ________      ________      ________
 COHORT         1.000
 AGEB           1.000         1.000
 SEX            1.000         1.000         1.000
 EDU            1.000         1.000         1.000         1.000



UNIVARIATE SAMPLE STATISTICS


     UNIVARIATE HIGHER-ORDER MOMENT DESCRIPTIVE STATISTICS FOR NORMAL

         Variable/         Mean/     Skewness/   Minimum/ % with                Percentiles
        Sample Size      Variance    Kurtosis    Maximum  Min/Max      20%/60%    40%/80%    Median

     LET1                  8.005       0.050       0.667    0.68%       5.333      7.000      8.000
             296.000      10.032      -0.297      18.333    0.34%       9.000     10.667
     LET2                  8.271       0.190       0.667    0.34%       5.333      7.333      8.000
             296.000      10.676      -0.420      18.000    0.34%       9.000     11.000
     LET3                  8.719       0.049       1.333    1.02%       6.000      7.667      8.667
             196.000       9.976      -0.206      19.000    0.51%       9.667     11.333
     LET4                  8.878       0.164       0.333    0.75%       6.333      8.333      8.667
             134.000      11.343       0.232      19.000    0.75%       9.333     11.333
     LET5                  9.436       0.698       3.667    1.28%       6.333      8.333      9.000
              78.000      10.046       0.335      18.667    1.28%       9.667     12.000
     LET6                  9.130       0.139       2.667    2.78%       5.667      7.333      9.500
              36.000      11.261      -0.539      17.000    2.78%      10.333     11.667
     DDV3                  0.338       0.686       0.000   66.22%       0.000      0.000      0.000
             296.000       0.224      -1.530       1.000   33.78%       0.000      1.000
     DDV4                  0.316       0.790       0.000   68.37%       0.000      0.000      0.000
             196.000       0.216      -1.376       1.000   31.63%       0.000      1.000
     DDV5                  0.418       0.333       0.000   58.21%       0.000      0.000      0.000
             134.000       0.243      -1.889       1.000   41.79%       1.000      1.000
     DDV6                  0.538      -0.154       0.000   46.15%       0.000      0.000      1.000
              78.000       0.249      -1.976       1.000   53.85%       1.000      1.000
     COHORT                0.000      -0.367      -1.770   40.88%      -1.770     -1.770      1.230
             296.000       2.170      -1.862       1.230   58.78%       1.230      1.230
     AGEB                  0.000       0.412     -12.477    0.34%      -4.112     -1.743     -0.811
             296.000      24.925      -0.089      14.630    0.34%       0.381      3.956
     SEX                   0.000      -0.818      -0.689   31.08%      -0.689      0.311      0.311
             296.000       0.214      -1.332       0.311   68.92%       0.311      0.311
     EDU                   0.000       0.430      -7.284    3.04%      -3.284     -1.284     -0.284
             296.000      15.163      -0.266      10.716    0.68%       0.716      3.716


     UNIVARIATE HIGHER-ORDER MOMENT DESCRIPTIVE STATISTICS FOR AD

         Variable/         Mean/     Skewness/   Minimum/ % with                Percentiles
        Sample Size      Variance    Kurtosis    Maximum  Min/Max      20%/60%    40%/80%    Median

     LET1                  6.482       1.234       0.333    0.33%       3.667      5.667      6.333
             300.000      10.089       5.150      26.667    0.33%       7.000      8.667
     LET2                  6.329       0.731       0.333    1.00%       3.667      5.000      5.667
             300.000      10.951       0.482      18.667    0.33%       6.667      9.000
     LET3                  5.923       0.454       0.333    0.79%       3.333      4.667      5.333
             252.000       9.048      -0.323      14.667    0.40%       6.333      8.333
     LET4                  5.829       0.613       0.000    0.51%       3.333      4.667      5.333
             195.000       9.192       0.320      16.333    0.51%       6.333      8.333
     LET5                  5.729       0.624       1.000    3.57%       3.333      5.000      5.333
             112.000       7.305       0.488      14.000    1.79%       6.333      7.667
     LET6                  5.245       0.674       1.000    1.47%       3.333      4.333      4.667
              68.000       5.303       0.006      11.333    2.94%       5.333      7.333
     DDV3                  0.160       1.855       0.000   84.00%       0.000      0.000      0.000
             300.000       0.134       1.440       1.000   16.00%       0.000      0.000
     DDV4                  0.226       1.309       0.000   77.38%       0.000      0.000      0.000
             252.000       0.175      -0.287       1.000   22.62%       0.000      1.000
     DDV5                  0.426       0.301       0.000   57.44%       0.000      0.000      0.000
             195.000       0.244      -1.910       1.000   42.56%       1.000      1.000
     DDV6                  0.393       0.439       0.000   60.71%       0.000      0.000      0.000
             112.000       0.239      -1.807       1.000   39.29%       0.000      1.000
     COHORT                0.000      -0.024      -1.530   45.33%      -1.530     -1.530     -0.530
             300.000       2.136      -1.953       1.470   49.00%       1.470      1.470
     AGEB                  0.000       0.333     -12.940    0.33%      -5.691     -1.842     -0.135
             300.000      33.992      -0.267      16.249    0.33%       1.731      4.854
     SEX                   0.000      -1.134      -0.747   25.33%      -0.747      0.253      0.253
             300.000       0.189      -0.713       0.253   74.67%       0.253      0.253
     EDU                   0.000       0.673      -5.910    7.00%      -2.910     -1.910     -0.910
             300.000      15.109       0.133      14.090    0.33%       0.090      3.090


THE MODEL ESTIMATION TERMINATED NORMALLY



MODEL FIT INFORMATION

Number of Free Parameters                       55

Loglikelihood

          H0 Value                       -5995.130

Information Criteria

          Akaike (AIC)                   12100.261
          Bayesian (BIC)                 12341.724
          Sample-Size Adjusted BIC       12167.115
            (n* = (n + 2) / 24)



MODEL RESULTS

                                                    Two-Tailed
                    Estimate       S.E.  Est./S.E.    P-Value

Group NORMAL

 F        BY
    DDV3               1.000      0.000    999.000    999.000
    DDV4               1.000      0.000    999.000    999.000
    DDV5               1.000      0.000    999.000    999.000
    DDV6               1.000      0.000    999.000    999.000

 F          ON
    I                 -0.041      0.016     -2.593      0.010
    S                  3.556      2.323      1.531      0.126

 I          ON
    COHORT            -0.089      0.139     -0.639      0.523
    AGEB              -0.057      0.034     -1.649      0.099
    SEX               -0.251      0.372     -0.675      0.500
    EDU                0.305      0.047      6.428      0.000

 S          ON
    COHORT             0.021      0.013      1.525      0.127
    AGEB              -0.001      0.005     -0.206      0.837
    SEX               -0.003      0.012     -0.274      0.784
    EDU                0.000      0.002      0.162      0.871

 F          ON
    AGEB               0.009      0.016      0.566      0.571

 Intercepts
    LET1               0.000      0.000    999.000    999.000
    LET2               0.000      0.000    999.000    999.000
    LET3               0.000      0.000    999.000    999.000
    LET4               0.000      0.000    999.000    999.000
    LET5               0.000      0.000    999.000    999.000
    LET6               0.000      0.000    999.000    999.000
    DDV3               0.677      0.143      4.732      0.000
    DDV4               0.732      0.137      5.330      0.000
    DDV5               0.918      0.148      6.199      0.000
    DDV6               1.002      0.154      6.502      0.000
    F                  0.000      0.000    999.000    999.000
    I                  8.045      0.201     40.023      0.000
    S                 -0.009      0.025     -0.355      0.722

 Residual Variances
    LET1               2.867      0.364      7.887      0.000
    LET2               2.959      0.334      8.848      0.000
    LET3               3.054      0.377      8.094      0.000
    LET4               3.896      0.437      8.910      0.000
    LET5               2.983      0.517      5.774      0.000
    LET6               4.626      1.466      3.154      0.002
    DDV3               0.204      0.067      3.046      0.002
    DDV4               0.194      0.082      2.377      0.017
    DDV5               0.200      0.104      1.931      0.054
    DDV6               0.196      0.168      1.170      0.242
    F                  0.000      0.000    999.000    999.000
    I                  6.019      0.604      9.966      0.000
    S                  0.001      0.001      0.351      0.726

Group AD

 F        BY
    DDV3               1.000      0.000    999.000    999.000
    DDV4               1.000      0.000    999.000    999.000
    DDV5               1.000      0.000    999.000    999.000
    DDV6               1.000      0.000    999.000    999.000

 F          ON
    I                 -0.010      0.010     -1.011      0.312
    S                  1.475      0.436      3.381      0.001

 I          ON
    COHORT            -0.048      0.100     -0.479      0.632
    AGEB               0.009      0.022      0.417      0.676
    SEX               -0.121      0.304     -0.397      0.691
    EDU                0.210      0.035      6.000      0.000

 S          ON
    COHORT             0.045      0.011      4.126      0.000
    AGEB              -0.008      0.003     -2.918      0.004
    SEX                0.018      0.023      0.781      0.435
    EDU               -0.008      0.003     -2.831      0.005

 F          ON
    AGEB               0.018      0.005      3.321      0.001

 Intercepts
    LET1               0.000      0.000    999.000    999.000
    LET2               0.000      0.000    999.000    999.000
    LET3               0.000      0.000    999.000    999.000
    LET4               0.000      0.000    999.000    999.000
    LET5               0.000      0.000    999.000    999.000
    LET6               0.000      0.000    999.000    999.000
    DDV3               0.677      0.143      4.732      0.000
    DDV4               0.732      0.137      5.330      0.000
    DDV5               0.918      0.148      6.199      0.000
    DDV6               1.002      0.154      6.502      0.000
    F                 -0.149      0.171     -0.871      0.384
    I                  5.405      0.156     34.553      0.000
    S                 -0.202      0.020    -10.277      0.000

 Residual Variances
    LET1               4.251      0.262     16.222      0.000
    LET2               3.555      0.333     10.667      0.000
    LET3               2.847      0.348      8.170      0.000
    LET4               2.599      0.354      7.337      0.000
    LET5               3.986      0.507      7.858      0.000
    LET6               2.828      0.802      3.525      0.000
    DDV3               0.132      0.021      6.299      0.000
    DDV4               0.160      0.033      4.823      0.000
    DDV5               0.211      0.080      2.639      0.008
    DDV6               0.190      0.114      1.670      0.095
    F                  0.000      0.000    999.000    999.000
    I                  4.012      0.404      9.935      0.000
    S                  0.001      0.003      0.542      0.588

New/Additional Parameters
    E0TM10             8.134      0.281     28.946      0.000
    E0TM8              8.116      0.247     32.794      0.000
    E0TM6              8.098      0.220     36.759      0.000
    E0TM4              8.080      0.202     39.992      0.000
    E0TM2              8.063      0.195     41.298      0.000
    E0TM0              8.045      0.201     40.023      0.000
    E1TM10             7.430      0.214     34.754      0.000
    E1TM8              7.025      0.188     37.417      0.000
    E1TM6              6.620      0.167     39.635      0.000
    E1TM4              6.215      0.154     40.413      0.000
    E1TM2              5.810      0.150     38.727      0.000
    E1TM0              5.405      0.156     34.553      0.000
    IDIFF              2.639      0.253     10.422      0.000
    SDIFF              0.194      0.031      6.185      0.000


QUALITY OF NUMERICAL RESULTS

     Condition Number for the Information Matrix              0.260E-05
       (ratio of smallest to largest eigenvalue)


CONFIDENCE INTERVALS OF MODEL RESULTS

                  Lower .5%  Lower 2.5%    Lower 5%    Estimate    Upper 5%  Upper 2.5%   Upper .5%

Group NORMAL

 F        BY
    DDV3             1.000       1.000       1.000       1.000       1.000       1.000       1.000
    DDV4             1.000       1.000       1.000       1.000       1.000       1.000       1.000
    DDV5             1.000       1.000       1.000       1.000       1.000       1.000       1.000
    DDV6             1.000       1.000       1.000       1.000       1.000       1.000       1.000

 F        ON
    I               -0.082      -0.072      -0.067      -0.041      -0.015      -0.010       0.000
    S               -2.426      -0.996      -0.264       3.556       7.377       8.109       9.539

 I        ON
    COHORT          -0.446      -0.361      -0.317      -0.089       0.140       0.183       0.269
    AGEB            -0.146      -0.124      -0.114      -0.057       0.000       0.011       0.032
    SEX             -1.209      -0.980      -0.863      -0.251       0.361       0.478       0.707
    EDU              0.183       0.212       0.227       0.305       0.383       0.398       0.427

 S        ON
    COHORT          -0.014      -0.006      -0.002       0.021       0.043       0.047       0.055
    AGEB            -0.013      -0.010      -0.009      -0.001       0.007       0.008       0.011
    SEX             -0.034      -0.027      -0.023      -0.003       0.016       0.020       0.027
    EDU             -0.004      -0.003      -0.002       0.000       0.003       0.003       0.004

 F        ON
    AGEB            -0.032      -0.022      -0.017       0.009       0.036       0.041       0.050

 Intercepts
    LET1             0.000       0.000       0.000       0.000       0.000       0.000       0.000
    LET2             0.000       0.000       0.000       0.000       0.000       0.000       0.000
    LET3             0.000       0.000       0.000       0.000       0.000       0.000       0.000
    LET4             0.000       0.000       0.000       0.000       0.000       0.000       0.000
    LET5             0.000       0.000       0.000       0.000       0.000       0.000       0.000
    LET6             0.000       0.000       0.000       0.000       0.000       0.000       0.000
    DDV3             0.309       0.397       0.442       0.677       0.912       0.957       1.045
    DDV4             0.378       0.463       0.506       0.732       0.958       1.001       1.086
    DDV5             0.537       0.628       0.675       0.918       1.162       1.209       1.300
    DDV6             0.605       0.700       0.748       1.002       1.255       1.303       1.398
    F                0.000       0.000       0.000       0.000       0.000       0.000       0.000
    I                7.527       7.651       7.714       8.045       8.376       8.439       8.563
    S               -0.073      -0.058      -0.050      -0.009       0.032       0.040       0.056

 Residual Variances
    LET1             1.931       2.155       2.269       2.867       3.465       3.580       3.804
    LET2             2.098       2.304       2.409       2.959       3.509       3.615       3.821
    LET3             2.082       2.314       2.433       3.054       3.675       3.793       4.026
    LET4             2.770       3.039       3.177       3.896       4.615       4.753       5.022
    LET5             1.652       1.971       2.133       2.983       3.833       3.996       4.314
    LET6             0.849       1.752       2.214       4.626       7.038       7.500       8.403
    DDV3             0.031       0.073       0.094       0.204       0.314       0.335       0.376
    DDV4            -0.016       0.034       0.060       0.194       0.329       0.355       0.405
    DDV5            -0.067      -0.003       0.030       0.200       0.371       0.403       0.467
    DDV6            -0.236      -0.132      -0.080       0.196       0.472       0.525       0.628
    F                0.000       0.000       0.000       0.000       0.000       0.000       0.000
    I                4.463       4.835       5.026       6.019       7.013       7.203       7.575
    S               -0.003      -0.002      -0.002       0.001       0.003       0.003       0.004

Group AD

 F        BY
    DDV3             1.000       1.000       1.000       1.000       1.000       1.000       1.000
    DDV4             1.000       1.000       1.000       1.000       1.000       1.000       1.000
    DDV5             1.000       1.000       1.000       1.000       1.000       1.000       1.000
    DDV6             1.000       1.000       1.000       1.000       1.000       1.000       1.000

 F        ON
    I               -0.035      -0.029      -0.026      -0.010       0.006       0.009       0.015
    S                0.351       0.620       0.757       1.475       2.192       2.330       2.598

 I        ON
    COHORT          -0.305      -0.244      -0.212      -0.048       0.116       0.148       0.209
    AGEB            -0.048      -0.034      -0.027       0.009       0.046       0.053       0.067
    SEX             -0.904      -0.716      -0.621      -0.121       0.379       0.475       0.662
    EDU              0.120       0.141       0.152       0.210       0.267       0.278       0.299

 S        ON
    COHORT           0.017       0.024       0.027       0.045       0.063       0.066       0.073
    AGEB            -0.014      -0.013      -0.012      -0.008      -0.003      -0.003      -0.001
    SEX             -0.041      -0.027      -0.020       0.018       0.056       0.063       0.077
    EDU             -0.015      -0.013      -0.012      -0.008      -0.003      -0.002      -0.001

 F        ON
    AGEB             0.004       0.007       0.009       0.018       0.026       0.028       0.031

 Intercepts
    LET1             0.000       0.000       0.000       0.000       0.000       0.000       0.000
    LET2             0.000       0.000       0.000       0.000       0.000       0.000       0.000
    LET3             0.000       0.000       0.000       0.000       0.000       0.000       0.000
    LET4             0.000       0.000       0.000       0.000       0.000       0.000       0.000
    LET5             0.000       0.000       0.000       0.000       0.000       0.000       0.000
    LET6             0.000       0.000       0.000       0.000       0.000       0.000       0.000
    DDV3             0.309       0.397       0.442       0.677       0.912       0.957       1.045
    DDV4             0.378       0.463       0.506       0.732       0.958       1.001       1.086
    DDV5             0.537       0.628       0.675       0.918       1.162       1.209       1.300
    DDV6             0.605       0.700       0.748       1.002       1.255       1.303       1.398
    F               -0.591      -0.485      -0.431      -0.149       0.133       0.187       0.292
    I                5.002       5.099       5.148       5.405       5.663       5.712       5.808
    S               -0.253      -0.241      -0.235      -0.202      -0.170      -0.164      -0.152

 Residual Variances
    LET1             3.576       3.737       3.820       4.251       4.682       4.764       4.926
    LET2             2.697       2.902       3.007       3.555       4.103       4.208       4.414
    LET3             1.949       2.164       2.273       2.847       3.420       3.530       3.744
    LET4             1.687       1.905       2.016       2.599       3.182       3.293       3.511
    LET5             2.679       2.992       3.152       3.986       4.821       4.981       5.293
    LET6             0.761       1.255       1.508       2.828       4.148       4.400       4.894
    DDV3             0.078       0.091       0.098       0.132       0.167       0.174       0.186
    DDV4             0.074       0.095       0.105       0.160       0.214       0.224       0.245
    DDV5             0.005       0.054       0.079       0.211       0.343       0.368       0.417
    DDV6            -0.103      -0.033       0.003       0.190       0.377       0.413       0.483
    F                0.000       0.000       0.000       0.000       0.000       0.000       0.000
    I                2.972       3.221       3.348       4.012       4.677       4.804       5.052
    S               -0.005      -0.004      -0.003       0.001       0.006       0.007       0.008

New/Additional Parameters
    E0TM10           7.410       7.583       7.671       8.134       8.596       8.684       8.858
    E0TM8            7.479       7.631       7.709       8.116       8.523       8.601       8.753
    E0TM6            7.531       7.666       7.736       8.098       8.461       8.530       8.666
    E0TM4            7.560       7.684       7.748       8.080       8.413       8.476       8.601
    E0TM2            7.560       7.680       7.742       8.063       8.384       8.445       8.566
    E0TM0            7.527       7.651       7.714       8.045       8.376       8.439       8.563
    E1TM10           6.879       7.011       7.078       7.430       7.782       7.849       7.981
    E1TM8            6.541       6.657       6.716       7.025       7.334       7.393       7.509
    E1TM6            6.190       6.293       6.345       6.620       6.895       6.948       7.050
    E1TM4            5.819       5.914       5.962       6.215       6.468       6.517       6.611
    E1TM2            5.424       5.516       5.564       5.810       6.057       6.104       6.197
    E1TM0            5.002       5.099       5.148       5.405       5.663       5.712       5.808
    IDIFF            1.987       2.143       2.223       2.639       3.056       3.136       3.292
    SDIFF            0.113       0.132       0.142       0.194       0.245       0.255       0.274


DIAGRAM INFORMATION

  Use View Diagram under the Diagram menu in the Mplus Editor to view the diagram.
  If running Mplus from the Mplus Diagrammer, the diagram opens automatically.

  Diagram output
    c:\users\jet\documents\research_data\vanalyses 2020-06 kayri thesis\2021-09-05 kayri new analyses\2022-08-17 syntax

     Beginning Time:  16:17:05
        Ending Time:  16:17:16
       Elapsed Time:  00:00:11



MUTHEN & MUTHEN
3463 Stoner Ave.
Los Angeles, CA  90066

Tel: (310) 391-9971
Fax: (310) 391-8971
Web: www.StatModel.com
Support: Support@StatModel.com

Copyright (c) 1998-2017 Muthen & Muthen
