Mplus VERSION 8
MUTHEN & MUTHEN
08/20/2022   4:15 PM

INPUT INSTRUCTIONS



  usevariables are id T1-T6 SIxani1-SIxani6
  cohort ageb dx  sex edu DDV3-DDV6;

  GROUPING = dx (0=normal 1=AD);

  IDVARIABLE = id;

  MISSING ARE ALL (-999) ;

  TSCORES= T1-T6;

  DEFINE: CENTER cohort ageb edu sex (GRANDMEAN);

  ANALYSIS:TYPE=RANDOM;
  ESTIMATOR = MLF;

  MODEL: i s | SIxani1-SIxani6 AT T1-T6;

  i s ON cohort ageb sex edu;

  [s] ;
  [i] ;
  s*;
  i*;


  F BY DDV3-DDV6@1;

  F@0;

  F ON I ;
  F ON S ;

  !F ON Q ;
  !no model conversion if Q is regressed on F;

  F ON ageb;


  model normal:
  i s ON cohort ageb sex edu;

  [s] (Sn);
  [i] (In);
  s*;
  i*;

  model AD:
  i s ON cohort ageb sex edu;

  [s] (Sd);
  [i] (Id);
  s*;
  i*;

  MODEL CONSTRAINT:
    new(E0tm10 E0tm8 E0tm6 E0tm4 E0tm2 E0tm0
     E1tm10 E1tm8 E1tm6 E1tm4 E1tm2 E1tm0
     idiff sdiff);

    E0tm10 = In + (Sn * (-10));
    E0tm8  = In + (Sn * (-8));
    E0tm6  = In + (Sn * (-6));
    E0tm4  = In + (Sn * (-4));
    E0tm2  = In + (Sn * (-2));
    E0tm0  = In + (Sn * (-0));

    E1tm10 = Id + (Sd * (-10));
    E1tm8  = Id + (Sd * (-8));
    E1tm6  = Id + (Sd * (-6));
    E1tm4  = Id + (Sd * (-4));
    E1tm2  = Id + (Sd * (-2));
    E1tm0  = Id + (Sd * (-0));

  idiff = In - Id;
  sdiff = Sn - Sd;


  output: CINTERVAL;










INPUT READING TERMINATED NORMALLY



2022-08-20 Kayri new analyses Spanish speakers;

SUMMARY OF ANALYSIS

Number of groups                                                 2
Number of observations
   Group NORMAL                                                533
   Group AD                                                    300
   Total sample size                                           833

Number of dependent variables                                   10
Number of independent variables                                  4
Number of continuous latent variables                            3

Observed dependent variables

  Continuous
   SIXANI1     SIXANI2     SIXANI3     SIXANI4     SIXANI5     SIXANI6
   DDV3        DDV4        DDV5        DDV6

Observed independent variables
   COHORT      AGEB        SEX         EDU

Continuous latent variables
   F           I           S

Variables with special functions

  Grouping variable     DX
  ID variable           ID

  Time scores
   T1          T2          T3          T4          T5          T6

  Centering (GRANDMEAN)
   COHORT      AGEB        EDU         SEX


Estimator                                                      MLF
Information matrix                                        OBSERVED
Maximum number of iterations                                   100
Convergence criterion                                    0.100D-05
Maximum number of EM iterations                                500
Convergence criteria for the EM algorithm
  Loglikelihood change                                   0.100D-02
  Relative loglikelihood change                          0.100D-05
  Derivative                                             0.100D-03
Minimum variance                                         0.100D-03
Maximum number of steepest descent iterations                   20
Maximum number of iterations for H1                           2000
Convergence criterion for H1                             0.100D-03
Optimization algorithm                                         EMA

Input data file(s)
  C:\Users\Jet\Documents\Research_data\vAnalyses 2020-06 Kayri thesis\2021-09-05
Input data format  FREE


SUMMARY OF DATA

   Group NORMAL
     Number of missing data patterns             5

   Group AD
     Number of missing data patterns             5


COVARIANCE COVERAGE OF DATA

Minimum covariance coverage value   0.100


     PROPORTION OF DATA PRESENT FOR NORMAL


           Covariance Coverage
              SIXANI1       SIXANI2       SIXANI3       SIXANI4       SIXANI5
              ________      ________      ________      ________      ________
 SIXANI1        1.000
 SIXANI2        1.000         1.000
 SIXANI3        0.692         0.692         0.692
 SIXANI4        0.499         0.499         0.499         0.499
 SIXANI5        0.287         0.287         0.287         0.287         0.287
 SIXANI6        0.152         0.152         0.152         0.152         0.152
 DDV3           1.000         1.000         0.692         0.499         0.287
 DDV4           0.692         0.692         0.692         0.499         0.287
 DDV5           0.499         0.499         0.499         0.499         0.287
 DDV6           0.287         0.287         0.287         0.287         0.287
 COHORT         1.000         1.000         0.692         0.499         0.287
 AGEB           1.000         1.000         0.692         0.499         0.287
 SEX            1.000         1.000         0.692         0.499         0.287
 EDU            1.000         1.000         0.692         0.499         0.287


           Covariance Coverage
              SIXANI6       DDV3          DDV4          DDV5          DDV6
              ________      ________      ________      ________      ________
 SIXANI6        0.152
 DDV3           0.152         1.000
 DDV4           0.152         0.692         0.692
 DDV5           0.152         0.499         0.499         0.499
 DDV6           0.152         0.287         0.287         0.287         0.287
 COHORT         0.152         1.000         0.692         0.499         0.287
 AGEB           0.152         1.000         0.692         0.499         0.287
 SEX            0.152         1.000         0.692         0.499         0.287
 EDU            0.152         1.000         0.692         0.499         0.287


           Covariance Coverage
              COHORT        AGEB          SEX           EDU
              ________      ________      ________      ________
 COHORT         1.000
 AGEB           1.000         1.000
 SEX            1.000         1.000         1.000
 EDU            1.000         1.000         1.000         1.000


     PROPORTION OF DATA PRESENT FOR AD


           Covariance Coverage
              SIXANI1       SIXANI2       SIXANI3       SIXANI4       SIXANI5
              ________      ________      ________      ________      ________
 SIXANI1        1.000
 SIXANI2        1.000         1.000
 SIXANI3        0.840         0.840         0.840
 SIXANI4        0.650         0.650         0.650         0.650
 SIXANI5        0.373         0.373         0.373         0.373         0.373
 SIXANI6        0.227         0.227         0.227         0.227         0.227
 DDV3           1.000         1.000         0.840         0.650         0.373
 DDV4           0.840         0.840         0.840         0.650         0.373
 DDV5           0.650         0.650         0.650         0.650         0.373
 DDV6           0.373         0.373         0.373         0.373         0.373
 COHORT         1.000         1.000         0.840         0.650         0.373
 AGEB           1.000         1.000         0.840         0.650         0.373
 SEX            1.000         1.000         0.840         0.650         0.373
 EDU            1.000         1.000         0.840         0.650         0.373


           Covariance Coverage
              SIXANI6       DDV3          DDV4          DDV5          DDV6
              ________      ________      ________      ________      ________
 SIXANI6        0.227
 DDV3           0.227         1.000
 DDV4           0.227         0.840         0.840
 DDV5           0.227         0.650         0.650         0.650
 DDV6           0.227         0.373         0.373         0.373         0.373
 COHORT         0.227         1.000         0.840         0.650         0.373
 AGEB           0.227         1.000         0.840         0.650         0.373
 SEX            0.227         1.000         0.840         0.650         0.373
 EDU            0.227         1.000         0.840         0.650         0.373


           Covariance Coverage
              COHORT        AGEB          SEX           EDU
              ________      ________      ________      ________
 COHORT         1.000
 AGEB           1.000         1.000
 SEX            1.000         1.000         1.000
 EDU            1.000         1.000         1.000         1.000



UNIVARIATE SAMPLE STATISTICS


     UNIVARIATE HIGHER-ORDER MOMENT DESCRIPTIVE STATISTICS FOR NORMAL

         Variable/         Mean/     Skewness/   Minimum/ % with                Percentiles
        Sample Size      Variance    Kurtosis    Maximum  Min/Max      20%/60%    40%/80%    Median

     SIXANI1              63.024       0.166      31.579    0.19%      54.545     60.000     62.687
             533.000     111.794       0.331      93.103    0.19%      65.060     70.909
     SIXANI2              62.036      -0.112      17.647    0.19%      53.846     60.000     61.765
             533.000     116.592       0.662      95.745    0.19%      64.286     71.186
     SIXANI3              61.032      -0.539       0.000    0.27%      52.381     57.895     61.017
             369.000     135.770       2.356      91.304    0.27%      63.750     70.213
     SIXANI4              59.790       0.196      18.750    0.38%      50.000     56.604     59.577
             266.000     138.691       0.790      94.737    0.38%      61.364     68.182
     SIXANI5              59.513       0.613      35.065    0.65%      51.562     56.250     58.442
             153.000     110.704       0.562      93.103    0.65%      60.000     66.667
     SIXANI6              57.046      -0.161      17.647    1.23%      47.059     53.731     57.692
              81.000     134.408       0.698      88.889    1.23%      60.000     66.102
     DDV3                  0.308       0.833       0.000   69.23%       0.000      0.000      0.000
             533.000       0.213      -1.306       1.000   30.77%       0.000      1.000
     DDV4                  0.279       0.985       0.000   72.09%       0.000      0.000      0.000
             369.000       0.201      -1.030       1.000   27.91%       0.000      1.000
     DDV5                  0.425       0.304       0.000   57.52%       0.000      0.000      0.000
             266.000       0.244      -1.907       1.000   42.48%       1.000      1.000
     DDV6                  0.471       0.118       0.000   52.94%       0.000      0.000      0.000
             153.000       0.249      -1.986       1.000   47.06%       1.000      1.000
     COHORT                0.000      -0.263      -1.694   43.34%      -1.694     -1.694      1.306
             533.000       2.201      -1.926       1.306   56.10%       1.306      1.306
     AGEB                  0.000       0.324     -12.290    0.19%      -3.997     -1.641     -0.578
             533.000      23.072      -0.157      14.817    0.19%       0.664      4.039
     SEX                   0.000      -0.805      -0.687   31.33%      -0.687      0.313      0.313
             533.000       0.215      -1.352       0.313   68.67%       0.313      0.313
     EDU                   0.000       0.462      -6.991    4.32%      -3.991     -0.991      0.009
             533.000      16.171      -0.186      13.009    0.19%       1.009      4.009


     UNIVARIATE HIGHER-ORDER MOMENT DESCRIPTIVE STATISTICS FOR AD

         Variable/         Mean/     Skewness/   Minimum/ % with                Percentiles
        Sample Size      Variance    Kurtosis    Maximum  Min/Max      20%/60%    40%/80%    Median

     SIXANI1              62.970      -0.167      18.750    0.33%      52.174     60.000     64.110
             300.000     164.913       0.544      96.774    0.33%      66.176     72.727
     SIXANI2              61.947      -0.093      17.143    0.33%      50.000     58.333     62.069
             300.000     187.722       0.058      96.000    0.33%      65.753     73.333
     SIXANI3              61.169      -0.213       0.000    0.40%      50.704     57.143     60.000
             252.000     195.998       0.840      95.455    0.40%      63.380     73.585
     SIXANI4              59.686      -0.054      12.000    0.51%      48.387     55.556     60.000
             195.000     189.118       0.391     100.000    0.51%      63.830     70.833
     SIXANI5              58.214      -0.584      11.111    0.89%      42.857     56.604     60.000
             112.000     272.869       0.111      90.909    0.89%      64.865     72.152
     SIXANI6              55.282      -0.434      18.750    1.47%      42.857     51.724     54.273
              68.000     209.756      -0.354      80.769    1.47%      60.000     68.421
     DDV3                  0.160       1.855       0.000   84.00%       0.000      0.000      0.000
             300.000       0.134       1.440       1.000   16.00%       0.000      0.000
     DDV4                  0.226       1.309       0.000   77.38%       0.000      0.000      0.000
             252.000       0.175      -0.287       1.000   22.62%       0.000      1.000
     DDV5                  0.426       0.301       0.000   57.44%       0.000      0.000      0.000
             195.000       0.244      -1.910       1.000   42.56%       1.000      1.000
     DDV6                  0.393       0.439       0.000   60.71%       0.000      0.000      0.000
             112.000       0.239      -1.807       1.000   39.29%       0.000      1.000
     COHORT                0.000      -0.024      -1.530   45.33%      -1.530     -1.530     -0.530
             300.000       2.136      -1.953       1.470   49.00%       1.470      1.470
     AGEB                  0.000       0.333     -12.940    0.33%      -5.691     -1.842     -0.135
             300.000      33.992      -0.267      16.249    0.33%       1.731      4.854
     SEX                   0.000      -1.134      -0.747   25.33%      -0.747      0.253      0.253
             300.000       0.189      -0.713       0.253   74.67%       0.253      0.253
     EDU                   0.000       0.673      -5.910    7.00%      -2.910     -1.910     -0.910
             300.000      15.109       0.133      14.090    0.33%       0.090      3.090


THE MODEL ESTIMATION TERMINATED NORMALLY



MODEL FIT INFORMATION

Number of Free Parameters                       55

Loglikelihood

          H0 Value                      -13067.049

Information Criteria

          Akaike (AIC)                   26244.098
          Bayesian (BIC)                 26503.975
          Sample-Size Adjusted BIC       26329.314
            (n* = (n + 2) / 24)



MODEL RESULTS

                                                    Two-Tailed
                    Estimate       S.E.  Est./S.E.    P-Value

Group NORMAL

 F        BY
    DDV3               1.000      0.000    999.000    999.000
    DDV4               1.000      0.000    999.000    999.000
    DDV5               1.000      0.000    999.000    999.000
    DDV6               1.000      0.000    999.000    999.000

 F          ON
    I                  0.009      0.003      3.381      0.001
    S                 -1.786      1.797     -0.994      0.320

 I          ON
    COHORT             0.651      0.305      2.136      0.033
    AGEB              -0.187      0.083     -2.251      0.024
    SEX                0.407      0.847      0.481      0.631
    EDU               -0.862      0.108     -7.972      0.000

 S          ON
    COHORT            -0.042      0.042     -1.009      0.313
    AGEB              -0.017      0.014     -1.200      0.230
    SEX               -0.004      0.017     -0.218      0.827
    EDU                0.001      0.002      0.430      0.667

 F          ON
    AGEB              -0.019      0.040     -0.482      0.630

 Intercepts
    SIXANI1            0.000      0.000    999.000    999.000
    SIXANI2            0.000      0.000    999.000    999.000
    SIXANI3            0.000      0.000    999.000    999.000
    SIXANI4            0.000      0.000    999.000    999.000
    SIXANI5            0.000      0.000    999.000    999.000
    SIXANI6            0.000      0.000    999.000    999.000
    DDV3              -0.910      0.663     -1.371      0.170
    DDV4              -0.877      0.650     -1.349      0.177
    DDV5              -0.682      0.641     -1.064      0.287
    DDV6              -0.622      0.634     -0.980      0.327
    F                  0.000      0.000    999.000    999.000
    I                 60.934      0.481    126.677      0.000
    S                 -0.363      0.074     -4.935      0.000

 Residual Variances
    SIXANI1           51.654      3.579     14.434      0.000
    SIXANI2           51.061      3.757     13.592      0.000
    SIXANI3           66.647      3.152     21.144      0.000
    SIXANI4           67.788      4.172     16.250      0.000
    SIXANI5           51.917      5.170     10.041      0.000
    SIXANI6           70.763     12.622      5.606      0.000
    DDV3               0.201      0.042      4.806      0.000
    DDV4               0.180      0.054      3.370      0.001
    DDV5               0.209      0.090      2.331      0.020
    DDV6               0.203      0.125      1.620      0.105
    F                  0.000      0.000    999.000    999.000
    I                 57.139      4.911     11.634      0.000
    S                  0.001      0.007      0.121      0.903

Group AD

 F        BY
    DDV3               1.000      0.000    999.000    999.000
    DDV4               1.000      0.000    999.000    999.000
    DDV5               1.000      0.000    999.000    999.000
    DDV6               1.000      0.000    999.000    999.000

 F          ON
    I                  0.004      0.002      1.617      0.106
    S                 -0.817      0.588     -1.389      0.165

 I          ON
    COHORT             0.629      0.445      1.413      0.158
    AGEB              -0.259      0.108     -2.399      0.016
    SEX               -1.258      1.413     -0.890      0.373
    EDU               -1.085      0.148     -7.345      0.000

 S          ON
    COHORT            -0.092      0.063     -1.459      0.145
    AGEB              -0.013      0.019     -0.690      0.490
    SEX               -0.024      0.046     -0.524      0.600
    EDU                0.005      0.006      0.794      0.427

 F          ON
    AGEB              -0.004      0.019     -0.214      0.831

 Intercepts
    SIXANI1            0.000      0.000    999.000    999.000
    SIXANI2            0.000      0.000    999.000    999.000
    SIXANI3            0.000      0.000    999.000    999.000
    SIXANI4            0.000      0.000    999.000    999.000
    SIXANI5            0.000      0.000    999.000    999.000
    SIXANI6            0.000      0.000    999.000    999.000
    DDV3              -0.910      0.663     -1.371      0.170
    DDV4              -0.877      0.650     -1.349      0.177
    DDV5              -0.682      0.641     -1.064      0.287
    DDV6              -0.622      0.634     -0.980      0.327
    F                  0.511      0.711      0.719      0.472
    I                 60.610      0.671     90.299      0.000
    S                 -0.453      0.098     -4.609      0.000

 Residual Variances
    SIXANI1           69.058      7.200      9.591      0.000
    SIXANI2           92.152      9.474      9.727      0.000
    SIXANI3          108.026      7.966     13.560      0.000
    SIXANI4           82.104      8.904      9.221      0.000
    SIXANI5          151.384     19.916      7.601      0.000
    SIXANI6          121.099     19.161      6.320      0.000
    DDV3               0.136      0.023      5.927      0.000
    DDV4               0.161      0.039      4.149      0.000
    DDV5               0.211      0.090      2.334      0.020
    DDV6               0.180      0.116      1.558      0.119
    F                  0.000      0.000    999.000    999.000
    I                 86.663     10.305      8.409      0.000
    S                  0.001      0.026      0.025      0.980

New/Additional Parameters
    E0TM10            64.563      0.708     91.182      0.000
    E0TM8             63.837      0.601    106.270      0.000
    E0TM6             63.111      0.513    122.924      0.000
    E0TM4             62.385      0.458    136.266      0.000
    E0TM2             61.660      0.446    138.269      0.000
    E0TM0             60.934      0.481    126.677      0.000
    E1TM10            65.140      1.088     59.860      0.000
    E1TM8             64.234      0.940     68.360      0.000
    E1TM6             63.328      0.812     78.015      0.000
    E1TM4             62.422      0.716     87.221      0.000
    E1TM2             61.516      0.665     92.453      0.000
    E1TM0             60.610      0.671     90.299      0.000
    IDIFF              0.324      0.826      0.392      0.695
    SDIFF              0.090      0.118      0.761      0.447


QUALITY OF NUMERICAL RESULTS

     Condition Number for the Information Matrix              0.353E-06
       (ratio of smallest to largest eigenvalue)


CONFIDENCE INTERVALS OF MODEL RESULTS

                  Lower .5%  Lower 2.5%    Lower 5%    Estimate    Upper 5%  Upper 2.5%   Upper .5%

Group NORMAL

 F        BY
    DDV3             1.000       1.000       1.000       1.000       1.000       1.000       1.000
    DDV4             1.000       1.000       1.000       1.000       1.000       1.000       1.000
    DDV5             1.000       1.000       1.000       1.000       1.000       1.000       1.000
    DDV6             1.000       1.000       1.000       1.000       1.000       1.000       1.000

 F        ON
    I                0.002       0.004       0.005       0.009       0.013       0.014       0.016
    S               -6.414      -5.308      -4.742      -1.786       1.169       1.735       2.842

 I        ON
    COHORT          -0.134       0.054       0.150       0.651       1.152       1.248       1.435
    AGEB            -0.401      -0.350      -0.324      -0.187      -0.050      -0.024       0.027
    SEX             -1.775      -1.253      -0.986       0.407       1.801       2.068       2.590
    EDU             -1.140      -1.074      -1.040      -0.862      -0.684      -0.650      -0.583

 S        ON
    COHORT          -0.149      -0.124      -0.110      -0.042       0.026       0.040       0.065
    AGEB            -0.052      -0.044      -0.039      -0.017       0.006       0.010       0.019
    SEX             -0.046      -0.036      -0.031      -0.004       0.024       0.029       0.039
    EDU             -0.005      -0.004      -0.003       0.001       0.005       0.006       0.007

 F        ON
    AGEB            -0.123      -0.098      -0.086      -0.019       0.047       0.060       0.084

 Intercepts
    SIXANI1          0.000       0.000       0.000       0.000       0.000       0.000       0.000
    SIXANI2          0.000       0.000       0.000       0.000       0.000       0.000       0.000
    SIXANI3          0.000       0.000       0.000       0.000       0.000       0.000       0.000
    SIXANI4          0.000       0.000       0.000       0.000       0.000       0.000       0.000
    SIXANI5          0.000       0.000       0.000       0.000       0.000       0.000       0.000
    SIXANI6          0.000       0.000       0.000       0.000       0.000       0.000       0.000
    DDV3            -2.618      -2.210      -2.001      -0.910       0.181       0.390       0.799
    DDV4            -2.550      -2.150      -1.945      -0.877       0.192       0.397       0.797
    DDV5            -2.333      -1.938      -1.736      -0.682       0.373       0.575       0.969
    DDV6            -2.255      -1.864      -1.665      -0.622       0.422       0.621       1.012
    F                0.000       0.000       0.000       0.000       0.000       0.000       0.000
    I               59.695      59.991      60.143      60.934      61.725      61.877      62.173
    S               -0.552      -0.507      -0.484      -0.363      -0.242      -0.219      -0.173

 Residual Variances
    SIXANI1         42.436      44.640      45.767      51.654      57.541      58.668      60.872
    SIXANI2         41.384      43.698      44.881      51.061      57.241      58.424      60.737
    SIXANI3         58.528      60.469      61.462      66.647      71.833      72.826      74.767
    SIXANI4         57.043      59.612      60.926      67.788      74.650      75.964      78.533
    SIXANI5         38.599      41.783      43.411      51.917      60.422      62.051      65.234
    SIXANI6         38.252      46.024      50.000      70.763      91.526      95.501     103.274
    DDV3             0.093       0.119       0.132       0.201       0.270       0.284       0.309
    DDV4             0.042       0.075       0.092       0.180       0.268       0.285       0.318
    DDV5            -0.022       0.033       0.062       0.209       0.357       0.385       0.441
    DDV6            -0.120      -0.042      -0.003       0.203       0.409       0.448       0.525
    F                0.000       0.000       0.000       0.000       0.000       0.000       0.000
    I               44.488      47.512      49.060      57.139      65.218      66.765      69.789
    S               -0.018      -0.013      -0.011       0.001       0.013       0.015       0.020

Group AD

 F        BY
    DDV3             1.000       1.000       1.000       1.000       1.000       1.000       1.000
    DDV4             1.000       1.000       1.000       1.000       1.000       1.000       1.000
    DDV5             1.000       1.000       1.000       1.000       1.000       1.000       1.000
    DDV6             1.000       1.000       1.000       1.000       1.000       1.000       1.000

 F        ON
    I               -0.002      -0.001       0.000       0.004       0.007       0.008       0.009
    S               -2.332      -1.970      -1.784      -0.817       0.150       0.335       0.698

 I        ON
    COHORT          -0.518      -0.244      -0.103       0.629       1.362       1.502       1.777
    AGEB            -0.536      -0.470      -0.436      -0.259      -0.081      -0.047       0.019
    SEX             -4.897      -4.027      -3.582      -1.258       1.066       1.511       2.381
    EDU             -1.466      -1.375      -1.329      -1.085      -0.842      -0.796      -0.705

 S        ON
    COHORT          -0.254      -0.215      -0.196      -0.092       0.012       0.032       0.070
    AGEB            -0.062      -0.050      -0.044      -0.013       0.018       0.024       0.036
    SEX             -0.141      -0.113      -0.099      -0.024       0.051       0.065       0.093
    EDU             -0.011      -0.007      -0.005       0.005       0.016       0.018       0.022

 F        ON
    AGEB            -0.054      -0.042      -0.036      -0.004       0.028       0.034       0.046

 Intercepts
    SIXANI1          0.000       0.000       0.000       0.000       0.000       0.000       0.000
    SIXANI2          0.000       0.000       0.000       0.000       0.000       0.000       0.000
    SIXANI3          0.000       0.000       0.000       0.000       0.000       0.000       0.000
    SIXANI4          0.000       0.000       0.000       0.000       0.000       0.000       0.000
    SIXANI5          0.000       0.000       0.000       0.000       0.000       0.000       0.000
    SIXANI6          0.000       0.000       0.000       0.000       0.000       0.000       0.000
    DDV3            -2.618      -2.210      -2.001      -0.910       0.181       0.390       0.799
    DDV4            -2.550      -2.150      -1.945      -0.877       0.192       0.397       0.797
    DDV5            -2.333      -1.938      -1.736      -0.682       0.373       0.575       0.969
    DDV6            -2.255      -1.864      -1.665      -0.622       0.422       0.621       1.012
    F               -1.320      -0.882      -0.658       0.511       1.681       1.905       2.343
    I               58.881      59.294      59.506      60.610      61.714      61.926      62.339
    S               -0.706      -0.646      -0.615      -0.453      -0.291      -0.260      -0.200

 Residual Variances
    SIXANI1         50.512      54.946      57.214      69.058      80.902      83.170      87.603
    SIXANI2         67.748      73.582      76.567      92.152     107.737     110.721     116.555
    SIXANI3         87.506      92.412      94.922     108.026     121.131     123.641     128.546
    SIXANI4         59.170      64.653      67.457      82.104      96.751      99.555     105.038
    SIXANI5        100.085     112.349     118.622     151.384     184.145     190.419     202.683
    SIXANI6         71.744      83.544      89.579     121.099     152.618     158.654     170.453
    DDV3             0.077       0.091       0.099       0.136       0.174       0.182       0.196
    DDV4             0.061       0.085       0.097       0.161       0.224       0.236       0.260
    DDV5            -0.022       0.034       0.062       0.211       0.359       0.388       0.443
    DDV6            -0.118      -0.047      -0.010       0.180       0.371       0.407       0.479
    F                0.000       0.000       0.000       0.000       0.000       0.000       0.000
    I               60.118      66.464      69.710      86.663     103.615     106.861     113.207
    S               -0.067      -0.051      -0.042       0.001       0.044       0.052       0.068

New/Additional Parameters
    E0TM10          62.739      63.175      63.398      64.563      65.728      65.951      66.387
    E0TM8           62.290      62.660      62.849      63.837      64.825      65.014      65.384
    E0TM6           61.789      62.105      62.267      63.111      63.956      64.117      64.434
    E0TM4           61.206      61.488      61.632      62.385      63.139      63.283      63.565
    E0TM2           60.511      60.786      60.926      61.660      62.393      62.534      62.808
    E0TM0           59.695      59.991      60.143      60.934      61.725      61.877      62.173
    E1TM10          62.337      63.007      63.349      65.140      66.930      67.272      67.943
    E1TM8           61.813      62.392      62.688      64.234      65.779      66.075      66.654
    E1TM6           61.237      61.737      61.992      63.328      64.663      64.919      65.419
    E1TM4           60.578      61.019      61.245      62.422      63.599      63.825      64.265
    E1TM2           59.802      60.212      60.421      61.516      62.610      62.820      63.230
    E1TM0           58.881      59.294      59.506      60.610      61.714      61.926      62.339
    IDIFF           -1.803      -1.295      -1.034       0.324       1.682       1.942       2.451
    SDIFF           -0.215      -0.142      -0.105       0.090       0.285       0.322       0.395


DIAGRAM INFORMATION

  Use View Diagram under the Diagram menu in the Mplus Editor to view the diagram.
  If running Mplus from the Mplus Diagrammer, the diagram opens automatically.

  Diagram output
    c:\users\jet\documents\research_data\vanalyses 2020-06 kayri thesis\2021-09-05 kayri new analyses\2022-08-17 syntax

     Beginning Time:  16:15:42
        Ending Time:  16:16:14
       Elapsed Time:  00:00:32



MUTHEN & MUTHEN
3463 Stoner Ave.
Los Angeles, CA  90066

Tel: (310) 391-9971
Fax: (310) 391-8971
Web: www.StatModel.com
Support: Support@StatModel.com

Copyright (c) 1998-2017 Muthen & Muthen
