Mplus VERSION 8
MUTHEN & MUTHEN
08/20/2022   4:18 PM

INPUT INSTRUCTIONS



  usevariables are id T1-T6 SIxani1-SIxani6
  cohort ageb dx  sex edu DDV3-DDV6;

  useobservations are exmci EQ 0;

  GROUPING = dx (0=normal 1=AD);

  IDVARIABLE = id;

  MISSING ARE ALL (-999) ;

  TSCORES= T1-T6;

  DEFINE: CENTER cohort ageb edu sex (GRANDMEAN);

  ANALYSIS:TYPE=RANDOM;
  ESTIMATOR = MLF;

  MODEL: i s | SIxani1-SIxani6 AT T1-T6;

  i s ON cohort ageb sex edu;

  [s] ;
  [i] ;
  s*;
  i*;


  F BY DDV3-DDV6@1;

  F@0;

  F ON I ;
  F ON S ;

  !F ON Q ;
  !no model conversion if Q is regressed on F;

  F ON ageb;


  model normal:
  i s ON cohort ageb sex edu;

  [s] (Sn);
  [i] (In);
  s*;
  i*;

  model AD:
  i s ON cohort ageb sex edu;

  [s] (Sd);
  [i] (Id);
  s*;
  i*;

  MODEL CONSTRAINT:
    new(E0tm10 E0tm8 E0tm6 E0tm4 E0tm2 E0tm0
     E1tm10 E1tm8 E1tm6 E1tm4 E1tm2 E1tm0
     idiff sdiff);

    E0tm10 = In + (Sn * (-10));
    E0tm8  = In + (Sn * (-8));
    E0tm6  = In + (Sn * (-6));
    E0tm4  = In + (Sn * (-4));
    E0tm2  = In + (Sn * (-2));
    E0tm0  = In + (Sn * (-0));

    E1tm10 = Id + (Sd * (-10));
    E1tm8  = Id + (Sd * (-8));
    E1tm6  = Id + (Sd * (-6));
    E1tm4  = Id + (Sd * (-4));
    E1tm2  = Id + (Sd * (-2));
    E1tm0  = Id + (Sd * (-0));

  idiff = In - Id;
  sdiff = Sn - Sd;

  output: CINTERVAL;










INPUT READING TERMINATED NORMALLY



2022-08-20 Kayri new analyses Spanish speakers;

SUMMARY OF ANALYSIS

Number of groups                                                 2
Number of observations
   Group NORMAL                                                296
   Group AD                                                    300
   Total sample size                                           596

Number of dependent variables                                   10
Number of independent variables                                  4
Number of continuous latent variables                            3

Observed dependent variables

  Continuous
   SIXANI1     SIXANI2     SIXANI3     SIXANI4     SIXANI5     SIXANI6
   DDV3        DDV4        DDV5        DDV6

Observed independent variables
   COHORT      AGEB        SEX         EDU

Continuous latent variables
   F           I           S

Variables with special functions

  Grouping variable     DX
  ID variable           ID

  Time scores
   T1          T2          T3          T4          T5          T6

  Centering (GRANDMEAN)
   COHORT      AGEB        EDU         SEX


Estimator                                                      MLF
Information matrix                                        OBSERVED
Maximum number of iterations                                   100
Convergence criterion                                    0.100D-05
Maximum number of EM iterations                                500
Convergence criteria for the EM algorithm
  Loglikelihood change                                   0.100D-02
  Relative loglikelihood change                          0.100D-05
  Derivative                                             0.100D-03
Minimum variance                                         0.100D-03
Maximum number of steepest descent iterations                   20
Maximum number of iterations for H1                           2000
Convergence criterion for H1                             0.100D-03
Optimization algorithm                                         EMA

Input data file(s)
  C:\Users\Jet\Documents\Research_data\vAnalyses 2020-06 Kayri thesis\2021-09-05
Input data format  FREE


SUMMARY OF DATA

   Group NORMAL
     Number of missing data patterns             5

   Group AD
     Number of missing data patterns             5


COVARIANCE COVERAGE OF DATA

Minimum covariance coverage value   0.100


     PROPORTION OF DATA PRESENT FOR NORMAL


           Covariance Coverage
              SIXANI1       SIXANI2       SIXANI3       SIXANI4       SIXANI5
              ________      ________      ________      ________      ________
 SIXANI1        1.000
 SIXANI2        1.000         1.000
 SIXANI3        0.662         0.662         0.662
 SIXANI4        0.453         0.453         0.453         0.453
 SIXANI5        0.264         0.264         0.264         0.264         0.264
 SIXANI6        0.122         0.122         0.122         0.122         0.122
 DDV3           1.000         1.000         0.662         0.453         0.264
 DDV4           0.662         0.662         0.662         0.453         0.264
 DDV5           0.453         0.453         0.453         0.453         0.264
 DDV6           0.264         0.264         0.264         0.264         0.264
 COHORT         1.000         1.000         0.662         0.453         0.264
 AGEB           1.000         1.000         0.662         0.453         0.264
 SEX            1.000         1.000         0.662         0.453         0.264
 EDU            1.000         1.000         0.662         0.453         0.264


           Covariance Coverage
              SIXANI6       DDV3          DDV4          DDV5          DDV6
              ________      ________      ________      ________      ________
 SIXANI6        0.122
 DDV3           0.122         1.000
 DDV4           0.122         0.662         0.662
 DDV5           0.122         0.453         0.453         0.453
 DDV6           0.122         0.264         0.264         0.264         0.264
 COHORT         0.122         1.000         0.662         0.453         0.264
 AGEB           0.122         1.000         0.662         0.453         0.264
 SEX            0.122         1.000         0.662         0.453         0.264
 EDU            0.122         1.000         0.662         0.453         0.264


           Covariance Coverage
              COHORT        AGEB          SEX           EDU
              ________      ________      ________      ________
 COHORT         1.000
 AGEB           1.000         1.000
 SEX            1.000         1.000         1.000
 EDU            1.000         1.000         1.000         1.000


     PROPORTION OF DATA PRESENT FOR AD


           Covariance Coverage
              SIXANI1       SIXANI2       SIXANI3       SIXANI4       SIXANI5
              ________      ________      ________      ________      ________
 SIXANI1        1.000
 SIXANI2        1.000         1.000
 SIXANI3        0.840         0.840         0.840
 SIXANI4        0.650         0.650         0.650         0.650
 SIXANI5        0.373         0.373         0.373         0.373         0.373
 SIXANI6        0.227         0.227         0.227         0.227         0.227
 DDV3           1.000         1.000         0.840         0.650         0.373
 DDV4           0.840         0.840         0.840         0.650         0.373
 DDV5           0.650         0.650         0.650         0.650         0.373
 DDV6           0.373         0.373         0.373         0.373         0.373
 COHORT         1.000         1.000         0.840         0.650         0.373
 AGEB           1.000         1.000         0.840         0.650         0.373
 SEX            1.000         1.000         0.840         0.650         0.373
 EDU            1.000         1.000         0.840         0.650         0.373


           Covariance Coverage
              SIXANI6       DDV3          DDV4          DDV5          DDV6
              ________      ________      ________      ________      ________
 SIXANI6        0.227
 DDV3           0.227         1.000
 DDV4           0.227         0.840         0.840
 DDV5           0.227         0.650         0.650         0.650
 DDV6           0.227         0.373         0.373         0.373         0.373
 COHORT         0.227         1.000         0.840         0.650         0.373
 AGEB           0.227         1.000         0.840         0.650         0.373
 SEX            0.227         1.000         0.840         0.650         0.373
 EDU            0.227         1.000         0.840         0.650         0.373


           Covariance Coverage
              COHORT        AGEB          SEX           EDU
              ________      ________      ________      ________
 COHORT         1.000
 AGEB           1.000         1.000
 SEX            1.000         1.000         1.000
 EDU            1.000         1.000         1.000         1.000



UNIVARIATE SAMPLE STATISTICS


     UNIVARIATE HIGHER-ORDER MOMENT DESCRIPTIVE STATISTICS FOR NORMAL

         Variable/         Mean/     Skewness/   Minimum/ % with                Percentiles
        Sample Size      Variance    Kurtosis    Maximum  Min/Max      20%/60%    40%/80%    Median

     SIXANI1              62.037       0.419      33.333    0.34%      54.000     58.929     61.504
             296.000     100.256       0.641      93.103    0.34%      64.286     69.231
     SIXANI2              61.217       0.024      30.769    0.34%      52.381     58.824     61.064
             296.000     101.605       0.398      93.103    0.34%      63.380     68.852
     SIXANI3              59.131      -0.867       0.000    0.51%      52.381     56.250     58.621
             196.000     122.671       4.570      89.189    0.51%      61.364     67.241
     SIXANI4              58.549       0.525      25.000    0.75%      50.000     55.932     58.065
             134.000      99.834       1.819      94.737    0.75%      60.000     65.854
     SIXANI5              55.504       0.054      35.065    1.28%      49.091     53.333     55.540
              78.000      58.385      -0.031      75.000    1.28%      57.692     60.938
     SIXANI6              52.793      -0.519      17.647    2.78%      43.548     48.649     53.116
              36.000     120.049       1.319      77.143    2.78%      56.522     62.338
     DDV3                  0.338       0.686       0.000   66.22%       0.000      0.000      0.000
             296.000       0.224      -1.530       1.000   33.78%       0.000      1.000
     DDV4                  0.316       0.790       0.000   68.37%       0.000      0.000      0.000
             196.000       0.216      -1.376       1.000   31.63%       0.000      1.000
     DDV5                  0.418       0.333       0.000   58.21%       0.000      0.000      0.000
             134.000       0.243      -1.889       1.000   41.79%       1.000      1.000
     DDV6                  0.538      -0.154       0.000   46.15%       0.000      0.000      1.000
              78.000       0.249      -1.976       1.000   53.85%       1.000      1.000
     COHORT                0.000      -0.367      -1.770   40.88%      -1.770     -1.770      1.230
             296.000       2.170      -1.862       1.230   58.78%       1.230      1.230
     AGEB                  0.000       0.412     -12.477    0.34%      -4.112     -1.743     -0.811
             296.000      24.925      -0.089      14.630    0.34%       0.381      3.956
     SEX                   0.000      -0.818      -0.689   31.08%      -0.689      0.311      0.311
             296.000       0.214      -1.332       0.311   68.92%       0.311      0.311
     EDU                   0.000       0.430      -7.284    3.04%      -3.284     -1.284     -0.284
             296.000      15.163      -0.266      10.716    0.68%       0.716      3.716


     UNIVARIATE HIGHER-ORDER MOMENT DESCRIPTIVE STATISTICS FOR AD

         Variable/         Mean/     Skewness/   Minimum/ % with                Percentiles
        Sample Size      Variance    Kurtosis    Maximum  Min/Max      20%/60%    40%/80%    Median

     SIXANI1              62.970      -0.167      18.750    0.33%      52.174     60.000     64.110
             300.000     164.913       0.544      96.774    0.33%      66.176     72.727
     SIXANI2              61.947      -0.093      17.143    0.33%      50.000     58.333     62.069
             300.000     187.722       0.058      96.000    0.33%      65.753     73.333
     SIXANI3              61.169      -0.213       0.000    0.40%      50.704     57.143     60.000
             252.000     195.998       0.840      95.455    0.40%      63.380     73.585
     SIXANI4              59.686      -0.054      12.000    0.51%      48.387     55.556     60.000
             195.000     189.118       0.391     100.000    0.51%      63.830     70.833
     SIXANI5              58.214      -0.584      11.111    0.89%      42.857     56.604     60.000
             112.000     272.869       0.111      90.909    0.89%      64.865     72.152
     SIXANI6              55.282      -0.434      18.750    1.47%      42.857     51.724     54.273
              68.000     209.756      -0.354      80.769    1.47%      60.000     68.421
     DDV3                  0.160       1.855       0.000   84.00%       0.000      0.000      0.000
             300.000       0.134       1.440       1.000   16.00%       0.000      0.000
     DDV4                  0.226       1.309       0.000   77.38%       0.000      0.000      0.000
             252.000       0.175      -0.287       1.000   22.62%       0.000      1.000
     DDV5                  0.426       0.301       0.000   57.44%       0.000      0.000      0.000
             195.000       0.244      -1.910       1.000   42.56%       1.000      1.000
     DDV6                  0.393       0.439       0.000   60.71%       0.000      0.000      0.000
             112.000       0.239      -1.807       1.000   39.29%       0.000      1.000
     COHORT                0.000      -0.024      -1.530   45.33%      -1.530     -1.530     -0.530
             300.000       2.136      -1.953       1.470   49.00%       1.470      1.470
     AGEB                  0.000       0.333     -12.940    0.33%      -5.691     -1.842     -0.135
             300.000      33.992      -0.267      16.249    0.33%       1.731      4.854
     SEX                   0.000      -1.134      -0.747   25.33%      -0.747      0.253      0.253
             300.000       0.189      -0.713       0.253   74.67%       0.253      0.253
     EDU                   0.000       0.673      -5.910    7.00%      -2.910     -1.910     -0.910
             300.000      15.109       0.133      14.090    0.33%       0.090      3.090


THE MODEL ESTIMATION TERMINATED NORMALLY



MODEL FIT INFORMATION

Number of Free Parameters                       55

Loglikelihood

          H0 Value                       -9356.758

Information Criteria

          Akaike (AIC)                   18823.517
          Bayesian (BIC)                 19064.980
          Sample-Size Adjusted BIC       18890.371
            (n* = (n + 2) / 24)



MODEL RESULTS

                                                    Two-Tailed
                    Estimate       S.E.  Est./S.E.    P-Value

Group NORMAL

 F        BY
    DDV3               1.000      0.000    999.000    999.000
    DDV4               1.000      0.000    999.000    999.000
    DDV5               1.000      0.000    999.000    999.000
    DDV6               1.000      0.000    999.000    999.000

 F          ON
    I                  0.017      0.006      2.797      0.005
    S                 -1.347      1.570     -0.858      0.391

 I          ON
    COHORT             0.797      0.434      1.835      0.067
    AGEB              -0.090      0.099     -0.910      0.363
    SEX                0.148      1.193      0.124      0.901
    EDU               -0.619      0.152     -4.071      0.000

 S          ON
    COHORT            -0.046      0.054     -0.847      0.397
    AGEB              -0.019      0.017     -1.101      0.271
    SEX                0.001      0.032      0.023      0.981
    EDU                0.000      0.004     -0.031      0.975

 F          ON
    AGEB              -0.016      0.039     -0.404      0.686

 Intercepts
    SIXANI1            0.000      0.000    999.000    999.000
    SIXANI2            0.000      0.000    999.000    999.000
    SIXANI3            0.000      0.000    999.000    999.000
    SIXANI4            0.000      0.000    999.000    999.000
    SIXANI5            0.000      0.000    999.000    999.000
    SIXANI6            0.000      0.000    999.000    999.000
    DDV3              -1.251      0.761     -1.645      0.100
    DDV4              -1.198      0.751     -1.595      0.111
    DDV5              -1.013      0.736     -1.377      0.169
    DDV6              -0.931      0.732     -1.272      0.204
    F                  0.000      0.000    999.000    999.000
    I                 59.798      0.707     84.583      0.000
    S                 -0.425      0.091     -4.687      0.000

 Residual Variances
    SIXANI1           46.212      4.511     10.245      0.000
    SIXANI2           40.996      4.112      9.970      0.000
    SIXANI3           73.459      4.883     15.043      0.000
    SIXANI4           49.707      4.088     12.159      0.000
    SIXANI5           29.266      6.298      4.647      0.000
    SIXANI6           88.314     22.314      3.958      0.000
    DDV3               0.205      0.072      2.861      0.004
    DDV4               0.195      0.086      2.268      0.023
    DDV5               0.199      0.105      1.898      0.058
    DDV6               0.200      0.166      1.205      0.228
    F                  0.000      0.000    999.000    999.000
    I                 56.122      7.142      7.858      0.000
    S                  0.001      0.014      0.073      0.942

Group AD

 F        BY
    DDV3               1.000      0.000    999.000    999.000
    DDV4               1.000      0.000    999.000    999.000
    DDV5               1.000      0.000    999.000    999.000
    DDV6               1.000      0.000    999.000    999.000

 F          ON
    I                  0.004      0.002      1.664      0.096
    S                 -0.810      0.574     -1.411      0.158

 I          ON
    COHORT             0.625      0.446      1.402      0.161
    AGEB              -0.259      0.108     -2.398      0.016
    SEX               -1.258      1.414     -0.890      0.374
    EDU               -1.085      0.148     -7.329      0.000

 S          ON
    COHORT            -0.094      0.063     -1.483      0.138
    AGEB              -0.013      0.019     -0.686      0.493
    SEX               -0.024      0.046     -0.537      0.592
    EDU                0.005      0.006      0.806      0.420

 F          ON
    AGEB              -0.004      0.019     -0.204      0.839

 Intercepts
    SIXANI1            0.000      0.000    999.000    999.000
    SIXANI2            0.000      0.000    999.000    999.000
    SIXANI3            0.000      0.000    999.000    999.000
    SIXANI4            0.000      0.000    999.000    999.000
    SIXANI5            0.000      0.000    999.000    999.000
    SIXANI6            0.000      0.000    999.000    999.000
    DDV3              -1.251      0.761     -1.645      0.100
    DDV4              -1.198      0.751     -1.595      0.111
    DDV5              -1.013      0.736     -1.377      0.169
    DDV6              -0.931      0.732     -1.272      0.204
    F                  0.840      0.794      1.057      0.291
    I                 60.610      0.672     90.204      0.000
    S                 -0.455      0.098     -4.621      0.000

 Residual Variances
    SIXANI1           69.033      7.201      9.586      0.000
    SIXANI2           92.156      9.477      9.725      0.000
    SIXANI3          108.062      7.970     13.559      0.000
    SIXANI4           82.107      8.930      9.195      0.000
    SIXANI5          151.389     19.930      7.596      0.000
    SIXANI6          121.094     19.163      6.319      0.000
    DDV3               0.136      0.024      5.749      0.000
    DDV4               0.160      0.040      4.017      0.000
    DDV5               0.211      0.092      2.290      0.022
    DDV6               0.181      0.122      1.481      0.139
    F                  0.000      0.000    999.000    999.000
    I                 86.658     10.313      8.403      0.000
    S                  0.001      0.026      0.038      0.970

New/Additional Parameters
    E0TM10            64.048      0.959     66.819      0.000
    E0TM8             63.198      0.839     75.352      0.000
    E0TM6             62.348      0.744     83.778      0.000
    E0TM4             61.498      0.686     89.700      0.000
    E0TM2             60.648      0.672     90.205      0.000
    E0TM0             59.798      0.707     84.583      0.000
    E1TM10            65.156      1.090     59.751      0.000
    E1TM8             64.247      0.942     68.227      0.000
    E1TM6             63.338      0.813     77.859      0.000
    E1TM4             62.429      0.717     87.056      0.000
    E1TM2             61.519      0.666     92.309      0.000
    E1TM0             60.610      0.672     90.204      0.000
    IDIFF             -0.813      0.975     -0.833      0.405
    SDIFF              0.030      0.130      0.227      0.820


QUALITY OF NUMERICAL RESULTS

     Condition Number for the Information Matrix              0.180E-07
       (ratio of smallest to largest eigenvalue)


CONFIDENCE INTERVALS OF MODEL RESULTS

                  Lower .5%  Lower 2.5%    Lower 5%    Estimate    Upper 5%  Upper 2.5%   Upper .5%

Group NORMAL

 F        BY
    DDV3             1.000       1.000       1.000       1.000       1.000       1.000       1.000
    DDV4             1.000       1.000       1.000       1.000       1.000       1.000       1.000
    DDV5             1.000       1.000       1.000       1.000       1.000       1.000       1.000
    DDV6             1.000       1.000       1.000       1.000       1.000       1.000       1.000

 F        ON
    I                0.001       0.005       0.007       0.017       0.026       0.028       0.032
    S               -5.391      -4.424      -3.930      -1.347       1.236       1.731       2.697

 I        ON
    COHORT          -0.322      -0.054       0.082       0.797       1.512       1.648       1.916
    AGEB            -0.346      -0.285      -0.254      -0.090       0.073       0.104       0.165
    SEX             -2.924      -2.189      -1.814       0.148       2.111       2.486       3.221
    EDU             -1.011      -0.917      -0.869      -0.619      -0.369      -0.321      -0.227

 S        ON
    COHORT          -0.184      -0.151      -0.134      -0.046       0.043       0.060       0.093
    AGEB            -0.064      -0.053      -0.048      -0.019       0.009       0.015       0.026
    SEX             -0.081      -0.061      -0.051       0.001       0.053       0.063       0.082
    EDU             -0.010      -0.008      -0.006       0.000       0.006       0.007       0.010

 F        ON
    AGEB            -0.117      -0.093      -0.081      -0.016       0.049       0.061       0.086

 Intercepts
    SIXANI1          0.000       0.000       0.000       0.000       0.000       0.000       0.000
    SIXANI2          0.000       0.000       0.000       0.000       0.000       0.000       0.000
    SIXANI3          0.000       0.000       0.000       0.000       0.000       0.000       0.000
    SIXANI4          0.000       0.000       0.000       0.000       0.000       0.000       0.000
    SIXANI5          0.000       0.000       0.000       0.000       0.000       0.000       0.000
    SIXANI6          0.000       0.000       0.000       0.000       0.000       0.000       0.000
    DDV3            -3.211      -2.743      -2.503      -1.251       0.000       0.240       0.708
    DDV4            -3.133      -2.670      -2.434      -1.198       0.037       0.274       0.736
    DDV5            -2.908      -2.455      -2.223      -1.013       0.197       0.429       0.882
    DDV6            -2.816      -2.365      -2.135      -0.931       0.273       0.504       0.955
    F                0.000       0.000       0.000       0.000       0.000       0.000       0.000
    I               57.977      58.412      58.635      59.798      60.961      61.183      61.619
    S               -0.659      -0.603      -0.574      -0.425      -0.276      -0.247      -0.191

 Residual Variances
    SIXANI1         34.593      37.371      38.792      46.212      53.632      55.053      57.831
    SIXANI2         30.404      32.936      34.232      40.996      47.760      49.055      51.588
    SIXANI3         60.880      63.887      65.426      73.459      81.492      83.030      86.037
    SIXANI4         39.177      41.694      42.982      49.707      56.432      57.719      60.237
    SIXANI5         13.043      16.922      18.905      29.266      39.626      41.610      45.488
    SIXANI6         30.838      44.579      51.608      88.314     125.020     132.049     145.790
    DDV3             0.020       0.065       0.087       0.205       0.323       0.345       0.389
    DDV4            -0.026       0.026       0.054       0.195       0.336       0.364       0.416
    DDV5            -0.071      -0.007       0.027       0.199       0.372       0.405       0.469
    DDV6            -0.228      -0.126      -0.073       0.200       0.474       0.526       0.628
    F                0.000       0.000       0.000       0.000       0.000       0.000       0.000
    I               37.725      42.123      44.373      56.122      67.871      70.121      74.519
    S               -0.036      -0.027      -0.022       0.001       0.024       0.029       0.038

Group AD

 F        BY
    DDV3             1.000       1.000       1.000       1.000       1.000       1.000       1.000
    DDV4             1.000       1.000       1.000       1.000       1.000       1.000       1.000
    DDV5             1.000       1.000       1.000       1.000       1.000       1.000       1.000
    DDV6             1.000       1.000       1.000       1.000       1.000       1.000       1.000

 F        ON
    I               -0.002      -0.001       0.000       0.004       0.007       0.008       0.009
    S               -2.289      -1.936      -1.755      -0.810       0.134       0.315       0.669

 I        ON
    COHORT          -0.523      -0.249      -0.108       0.625       1.359       1.499       1.774
    AGEB            -0.536      -0.470      -0.436      -0.259      -0.081      -0.047       0.019
    SEX             -4.900      -4.030      -3.584      -1.258       1.068       1.513       2.384
    EDU             -1.467      -1.376      -1.329      -1.085      -0.842      -0.795      -0.704

 S        ON
    COHORT          -0.256      -0.217      -0.197      -0.094       0.010       0.030       0.069
    AGEB            -0.062      -0.050      -0.044      -0.013       0.018       0.024       0.036
    SEX             -0.142      -0.114      -0.099      -0.024       0.050       0.065       0.093
    EDU             -0.011      -0.007      -0.005       0.005       0.016       0.018       0.022

 F        ON
    AGEB            -0.053      -0.041      -0.035      -0.004       0.028       0.034       0.045

 Intercepts
    SIXANI1          0.000       0.000       0.000       0.000       0.000       0.000       0.000
    SIXANI2          0.000       0.000       0.000       0.000       0.000       0.000       0.000
    SIXANI3          0.000       0.000       0.000       0.000       0.000       0.000       0.000
    SIXANI4          0.000       0.000       0.000       0.000       0.000       0.000       0.000
    SIXANI5          0.000       0.000       0.000       0.000       0.000       0.000       0.000
    SIXANI6          0.000       0.000       0.000       0.000       0.000       0.000       0.000
    DDV3            -3.211      -2.743      -2.503      -1.251       0.000       0.240       0.708
    DDV4            -3.133      -2.670      -2.434      -1.198       0.037       0.274       0.736
    DDV5            -2.908      -2.455      -2.223      -1.013       0.197       0.429       0.882
    DDV6            -2.816      -2.365      -2.135      -0.931       0.273       0.504       0.955
    F               -1.207      -0.717      -0.467       0.840       2.146       2.397       2.886
    I               58.880      59.293      59.505      60.610      61.716      61.927      62.341
    S               -0.708      -0.647      -0.616      -0.455      -0.293      -0.262      -0.201

 Residual Variances
    SIXANI1         50.484      54.919      57.187      69.033      80.880      83.148      87.583
    SIXANI2         67.746      73.582      76.567      92.156     107.746     110.731     116.566
    SIXANI3         87.534      92.441      94.952     108.062     121.172     123.682     128.590
    SIXANI4         59.105      64.604      67.417      82.107      96.797      99.610     105.109
    SIXANI5        100.053     112.326     118.604     151.389     184.174     190.452     202.725
    SIXANI6         71.735      83.536      89.572     121.094     152.617     158.653     170.453
    DDV3             0.075       0.090       0.097       0.136       0.175       0.182       0.197
    DDV4             0.057       0.082       0.095       0.160       0.226       0.238       0.263
    DDV5            -0.026       0.030       0.059       0.211       0.362       0.391       0.447
    DDV6            -0.134      -0.058      -0.020       0.181       0.381       0.420       0.495
    F                0.000       0.000       0.000       0.000       0.000       0.000       0.000
    I               60.093      66.444      69.693      86.658     103.623     106.872     113.222
    S               -0.067      -0.051      -0.042       0.001       0.044       0.053       0.069

New/Additional Parameters
    E0TM10          61.579      62.169      62.471      64.048      65.625      65.927      66.517
    E0TM8           61.038      61.554      61.818      63.198      64.578      64.842      65.358
    E0TM6           60.431      60.889      61.124      62.348      63.572      63.807      64.265
    E0TM4           59.732      60.154      60.370      61.498      62.626      62.842      63.264
    E0TM2           58.916      59.330      59.542      60.648      61.754      61.966      62.380
    E0TM0           57.977      58.412      58.635      59.798      60.961      61.183      61.619
    E1TM10          62.347      63.019      63.362      65.156      66.950      67.293      67.965
    E1TM8           61.821      62.401      62.698      64.247      65.796      66.092      66.672
    E1TM6           61.242      61.743      62.000      63.338      64.676      64.932      65.433
    E1TM4           60.581      61.023      61.249      62.429      63.608      63.834      64.276
    E1TM2           59.803      60.213      60.423      61.519      62.616      62.826      63.236
    E1TM0           58.880      59.293      59.505      60.610      61.716      61.927      62.341
    IDIFF           -3.324      -2.724      -2.417      -0.813       0.791       1.099       1.699
    SDIFF           -0.305      -0.225      -0.184       0.030       0.243       0.284       0.364


DIAGRAM INFORMATION

  Use View Diagram under the Diagram menu in the Mplus Editor to view the diagram.
  If running Mplus from the Mplus Diagrammer, the diagram opens automatically.

  Diagram output
    c:\users\jet\documents\research_data\vanalyses 2020-06 kayri thesis\2021-09-05 kayri new analyses\2022-08-17 syntax

     Beginning Time:  16:18:10
        Ending Time:  16:18:29
       Elapsed Time:  00:00:19



MUTHEN & MUTHEN
3463 Stoner Ave.
Los Angeles, CA  90066

Tel: (310) 391-9971
Fax: (310) 391-8971
Web: www.StatModel.com
Support: Support@StatModel.com

Copyright (c) 1998-2017 Muthen & Muthen
